2022-11-29 16:20:43,542 [main] [org.springframework.boot.StartupInfoLogger.logStarting(StartupInfoLogger.java:48)] - [INFO] Starting Application on CSNow-PC with PID 7868 (E:\workspace\blockchain\nfcbserverd\nfc-exploer-api\target\classes started by CSNow in E:\workspace\blockchain\nfcbserverd\nfc-exploer-api)
2022-11-29 16:20:43,558 [main] [org.springframework.boot.SpringApplication.logStartupProfileInfo(SpringApplication.java:593)] - [INFO] No active profile set, falling back to default profiles: default
2022-11-29 16:20:43,979 [background-preinit] [org.hibernate.validator.internal.util.Version.<clinit>(Version.java:30)] - [INFO] HV000001: Hibernate Validator 5.3.6.Final
2022-11-29 16:20:44,030 [main] [org.springframework.context.support.AbstractApplicationContext.prepareRefresh(AbstractApplicationContext.java:583)] - [INFO] Refreshing org.springframework.boot.context.embedded.AnnotationConfigEmbeddedWebApplicationContext@614ca7df: startup date [Tue Nov 29 16:20:44 CST 2022]; root of context hierarchy
2022-11-29 16:20:45,397 [main] [org.springframework.data.repository.config.RepositoryConfigurationDelegate.multipleStoresDetected(RepositoryConfigurationDelegate.java:165)] - [INFO] Multiple Spring Data modules found, entering strict repository configuration mode!
2022-11-29 16:20:46,125 [main] [org.springframework.context.support.PostProcessorRegistrationDelegate$BeanPostProcessorChecker.postProcessAfterInitialization(PostProcessorRegistrationDelegate.java:327)] - [INFO] Bean 'org.springframework.transaction.annotation.ProxyTransactionManagementConfiguration' of type [org.springframework.transaction.annotation.ProxyTransactionManagementConfiguration$$EnhancerBySpringCGLIB$$e40ce2e1] is not eligible for getting processed by all BeanPostProcessors (for example: not eligible for auto-proxying)
2022-11-29 16:20:46,858 [main] [org.springframework.boot.context.embedded.tomcat.TomcatEmbeddedServletContainer.initialize(TomcatEmbeddedServletContainer.java:92)] - [INFO] Tomcat initialized with port(s): 8091 (http)
2022-11-29 16:20:47,105 [localhost-startStop-1] [org.springframework.boot.context.embedded.EmbeddedWebApplicationContext.prepareEmbeddedWebApplicationContext(EmbeddedWebApplicationContext.java:276)] - [INFO] Root WebApplicationContext: initialization completed in 3091 ms
2022-11-29 16:20:47,467 [localhost-startStop-1] [org.springframework.boot.web.servlet.ServletRegistrationBean.onStartup(ServletRegistrationBean.java:190)] - [INFO] Mapping servlet: 'dispatcherServlet' to [/]
2022-11-29 16:20:47,467 [localhost-startStop-1] [org.springframework.boot.web.servlet.ServletRegistrationBean.onStartup(ServletRegistrationBean.java:190)] - [INFO] Mapping servlet: 'statViewServlet' to [/druid/*]
2022-11-29 16:20:47,467 [localhost-startStop-1] [org.springframework.boot.web.servlet.AbstractFilterRegistrationBean.configure(AbstractFilterRegistrationBean.java:258)] - [INFO] Mapping filter: 'characterEncodingFilter' to: [/*]
2022-11-29 16:20:47,467 [localhost-startStop-1] [org.springframework.boot.web.servlet.AbstractFilterRegistrationBean.configure(AbstractFilterRegistrationBean.java:258)] - [INFO] Mapping filter: 'hiddenHttpMethodFilter' to: [/*]
2022-11-29 16:20:47,482 [localhost-startStop-1] [org.springframework.boot.web.servlet.AbstractFilterRegistrationBean.configure(AbstractFilterRegistrationBean.java:258)] - [INFO] Mapping filter: 'httpPutFormContentFilter' to: [/*]
2022-11-29 16:20:47,482 [localhost-startStop-1] [org.springframework.boot.web.servlet.AbstractFilterRegistrationBean.configure(AbstractFilterRegistrationBean.java:258)] - [INFO] Mapping filter: 'requestContextFilter' to: [/*]
2022-11-29 16:20:47,482 [localhost-startStop-1] [org.springframework.boot.web.servlet.AbstractFilterRegistrationBean.configure(AbstractFilterRegistrationBean.java:271)] - [INFO] Mapping filter: 'webStatFilter' to urls: [/*]
2022-11-29 16:20:48,491 [main] [org.springframework.context.support.AbstractApplicationContext.refresh(AbstractApplicationContext.java:551)] - [WARN] Exception encountered during context initialization - cancelling refresh attempt: org.springframework.beans.factory.UnsatisfiedDependencyException: Error creating bean with name 'accountController': Unsatisfied dependency expressed through field 'accountService'; nested exception is org.springframework.beans.factory.UnsatisfiedDependencyException: Error creating bean with name 'accountServiceImpl': Unsatisfied dependency expressed through field 'accountMapper'; nested exception is org.springframework.beans.factory.UnsatisfiedDependencyException: Error creating bean with name 'accountMapper' defined in file [E:\workspace\blockchain\nfcbserverd\nfc-exploer-mapper\target\classes\com\imooc\mapper\AccountMapper.class]: Unsatisfied dependency expressed through bean property 'sqlSessionFactory'; nested exception is org.springframework.beans.factory.BeanCreationException: Error creating bean with name 'sqlSessionFactory' defined in class path resource [tk/mybatis/mapper/autoconfigure/MapperAutoConfiguration.class]: Bean instantiation via factory method failed; nested exception is org.springframework.beans.BeanInstantiationException: Failed to instantiate [org.apache.ibatis.session.SqlSessionFactory]: Factory method 'sqlSessionFactory' threw exception; nested exception is org.springframework.core.NestedIOException: Failed to parse mapping resource: 'file [E:\workspace\blockchain\nfcbserverd\nfc-exploer-api\target\classes\mapper\ContractverifiedMapper.xml]'; nested exception is org.apache.ibatis.builder.BuilderException: Error parsing Mapper XML. The XML location is 'file [E:\workspace\blockchain\nfcbserverd\nfc-exploer-api\target\classes\mapper\ContractverifiedMapper.xml]'. Cause: java.lang.IllegalArgumentException: Result Maps collection already contains value for com.imooc.mapper.ContractMapper.BaseResultMapAccount
2022-11-29 16:20:48,554 [main] [org.springframework.boot.autoconfigure.logging.AutoConfigurationReportLoggingInitializer.logAutoConfigurationReport(AutoConfigurationReportLoggingInitializer.java:101)] - [INFO] 

Error starting ApplicationContext. To display the auto-configuration report re-run your application with 'debug' enabled.
2022-11-29 16:20:48,570 [main] [org.springframework.boot.SpringApplication.reportFailure(SpringApplication.java:771)] - [ERROR] Application startup failed
org.springframework.beans.factory.UnsatisfiedDependencyException: Error creating bean with name 'accountController': Unsatisfied dependency expressed through field 'accountService'; nested exception is org.springframework.beans.factory.UnsatisfiedDependencyException: Error creating bean with name 'accountServiceImpl': Unsatisfied dependency expressed through field 'accountMapper'; nested exception is org.springframework.beans.factory.UnsatisfiedDependencyException: Error creating bean with name 'accountMapper' defined in file [E:\workspace\blockchain\nfcbserverd\nfc-exploer-mapper\target\classes\com\imooc\mapper\AccountMapper.class]: Unsatisfied dependency expressed through bean property 'sqlSessionFactory'; nested exception is org.springframework.beans.factory.BeanCreationException: Error creating bean with name 'sqlSessionFactory' defined in class path resource [tk/mybatis/mapper/autoconfigure/MapperAutoConfiguration.class]: Bean instantiation via factory method failed; nested exception is org.springframework.beans.BeanInstantiationException: Failed to instantiate [org.apache.ibatis.session.SqlSessionFactory]: Factory method 'sqlSessionFactory' threw exception; nested exception is org.springframework.core.NestedIOException: Failed to parse mapping resource: 'file [E:\workspace\blockchain\nfcbserverd\nfc-exploer-api\target\classes\mapper\ContractverifiedMapper.xml]'; nested exception is org.apache.ibatis.builder.BuilderException: Error parsing Mapper XML. The XML location is 'file [E:\workspace\blockchain\nfcbserverd\nfc-exploer-api\target\classes\mapper\ContractverifiedMapper.xml]'. Cause: java.lang.IllegalArgumentException: Result Maps collection already contains value for com.imooc.mapper.ContractMapper.BaseResultMapAccount
	at org.springframework.beans.factory.annotation.AutowiredAnnotationBeanPostProcessor$AutowiredFieldElement.inject(AutowiredAnnotationBeanPostProcessor.java:588)
	at org.springframework.beans.factory.annotation.InjectionMetadata.inject(InjectionMetadata.java:88)
	at org.springframework.beans.factory.annotation.AutowiredAnnotationBeanPostProcessor.postProcessPropertyValues(AutowiredAnnotationBeanPostProcessor.java:366)
	at org.springframework.beans.factory.support.AbstractAutowireCapableBeanFactory.populateBean(AbstractAutowireCapableBeanFactory.java:1268)
	at org.springframework.beans.factory.support.AbstractAutowireCapableBeanFactory.doCreateBean(AbstractAutowireCapableBeanFactory.java:553)
	at org.springframework.beans.factory.support.AbstractAutowireCapableBeanFactory.createBean(AbstractAutowireCapableBeanFactory.java:483)
	at org.springframework.beans.factory.support.AbstractBeanFactory$1.getObject(AbstractBeanFactory.java:312)
	at org.springframework.beans.factory.support.DefaultSingletonBeanRegistry.getSingleton(DefaultSingletonBeanRegistry.java:230)
	at org.springframework.beans.factory.support.AbstractBeanFactory.doGetBean(AbstractBeanFactory.java:308)
	at org.springframework.beans.factory.support.AbstractBeanFactory.getBean(AbstractBeanFactory.java:197)
	at org.springframework.beans.factory.support.DefaultListableBeanFactory.preInstantiateSingletons(DefaultListableBeanFactory.java:761)
	at org.springframework.context.support.AbstractApplicationContext.finishBeanFactoryInitialization(AbstractApplicationContext.java:867)
	at org.springframework.context.support.AbstractApplicationContext.refresh(AbstractApplicationContext.java:543)
	at org.springframework.boot.context.embedded.EmbeddedWebApplicationContext.refresh(EmbeddedWebApplicationContext.java:122)
	at org.springframework.boot.SpringApplication.refresh(SpringApplication.java:693)
	at org.springframework.boot.SpringApplication.refreshContext(SpringApplication.java:360)
	at org.springframework.boot.SpringApplication.run(SpringApplication.java:303)
	at org.springframework.boot.SpringApplication.run(SpringApplication.java:1118)
	at org.springframework.boot.SpringApplication.run(SpringApplication.java:1107)
	at com.imooc.Application.main(Application.java:20)
Caused by: org.springframework.beans.factory.UnsatisfiedDependencyException: Error creating bean with name 'accountServiceImpl': Unsatisfied dependency expressed through field 'accountMapper'; nested exception is org.springframework.beans.factory.UnsatisfiedDependencyException: Error creating bean with name 'accountMapper' defined in file [E:\workspace\blockchain\nfcbserverd\nfc-exploer-mapper\target\classes\com\imooc\mapper\AccountMapper.class]: Unsatisfied dependency expressed through bean property 'sqlSessionFactory'; nested exception is org.springframework.beans.factory.BeanCreationException: Error creating bean with name 'sqlSessionFactory' defined in class path resource [tk/mybatis/mapper/autoconfigure/MapperAutoConfiguration.class]: Bean instantiation via factory method failed; nested exception is org.springframework.beans.BeanInstantiationException: Failed to instantiate [org.apache.ibatis.session.SqlSessionFactory]: Factory method 'sqlSessionFactory' threw exception; nested exception is org.springframework.core.NestedIOException: Failed to parse mapping resource: 'file [E:\workspace\blockchain\nfcbserverd\nfc-exploer-api\target\classes\mapper\ContractverifiedMapper.xml]'; nested exception is org.apache.ibatis.builder.BuilderException: Error parsing Mapper XML. The XML location is 'file [E:\workspace\blockchain\nfcbserverd\nfc-exploer-api\target\classes\mapper\ContractverifiedMapper.xml]'. Cause: java.lang.IllegalArgumentException: Result Maps collection already contains value for com.imooc.mapper.ContractMapper.BaseResultMapAccount
	at org.springframework.beans.factory.annotation.AutowiredAnnotationBeanPostProcessor$AutowiredFieldElement.inject(AutowiredAnnotationBeanPostProcessor.java:588)
	at org.springframework.beans.factory.annotation.InjectionMetadata.inject(InjectionMetadata.java:88)
	at org.springframework.beans.factory.annotation.AutowiredAnnotationBeanPostProcessor.postProcessPropertyValues(AutowiredAnnotationBeanPostProcessor.java:366)
	at org.springframework.beans.factory.support.AbstractAutowireCapableBeanFactory.populateBean(AbstractAutowireCapableBeanFactory.java:1268)
	at org.springframework.beans.factory.support.AbstractAutowireCapableBeanFactory.doCreateBean(AbstractAutowireCapableBeanFactory.java:553)
	at org.springframework.beans.factory.support.AbstractAutowireCapableBeanFactory.createBean(AbstractAutowireCapableBeanFactory.java:483)
	at org.springframework.beans.factory.support.AbstractBeanFactory$1.getObject(AbstractBeanFactory.java:312)
	at org.springframework.beans.factory.support.DefaultSingletonBeanRegistry.getSingleton(DefaultSingletonBeanRegistry.java:230)
	at org.springframework.beans.factory.support.AbstractBeanFactory.doGetBean(AbstractBeanFactory.java:308)
	at org.springframework.beans.factory.support.AbstractBeanFactory.getBean(AbstractBeanFactory.java:202)
	at org.springframework.beans.factory.config.DependencyDescriptor.resolveCandidate(DependencyDescriptor.java:208)
	at org.springframework.beans.factory.support.DefaultListableBeanFactory.doResolveDependency(DefaultListableBeanFactory.java:1138)
	at org.springframework.beans.factory.support.DefaultListableBeanFactory.resolveDependency(DefaultListableBeanFactory.java:1066)
	at org.springframework.beans.factory.annotation.AutowiredAnnotationBeanPostProcessor$AutowiredFieldElement.inject(AutowiredAnnotationBeanPostProcessor.java:585)
	... 19 more
Caused by: org.springframework.beans.factory.UnsatisfiedDependencyException: Error creating bean with name 'accountMapper' defined in file [E:\workspace\blockchain\nfcbserverd\nfc-exploer-mapper\target\classes\com\imooc\mapper\AccountMapper.class]: Unsatisfied dependency expressed through bean property 'sqlSessionFactory'; nested exception is org.springframework.beans.factory.BeanCreationException: Error creating bean with name 'sqlSessionFactory' defined in class path resource [tk/mybatis/mapper/autoconfigure/MapperAutoConfiguration.class]: Bean instantiation via factory method failed; nested exception is org.springframework.beans.BeanInstantiationException: Failed to instantiate [org.apache.ibatis.session.SqlSessionFactory]: Factory method 'sqlSessionFactory' threw exception; nested exception is org.springframework.core.NestedIOException: Failed to parse mapping resource: 'file [E:\workspace\blockchain\nfcbserverd\nfc-exploer-api\target\classes\mapper\ContractverifiedMapper.xml]'; nested exception is org.apache.ibatis.builder.BuilderException: Error parsing Mapper XML. The XML location is 'file [E:\workspace\blockchain\nfcbserverd\nfc-exploer-api\target\classes\mapper\ContractverifiedMapper.xml]'. Cause: java.lang.IllegalArgumentException: Result Maps collection already contains value for com.imooc.mapper.ContractMapper.BaseResultMapAccount
	at org.springframework.beans.factory.support.AbstractAutowireCapableBeanFactory.autowireByType(AbstractAutowireCapableBeanFactory.java:1361)
	at org.springframework.beans.factory.support.AbstractAutowireCapableBeanFactory.populateBean(AbstractAutowireCapableBeanFactory.java:1253)
	at org.springframework.beans.factory.support.AbstractAutowireCapableBeanFactory.doCreateBean(AbstractAutowireCapableBeanFactory.java:553)
	at org.springframework.beans.factory.support.AbstractAutowireCapableBeanFactory.createBean(AbstractAutowireCapableBeanFactory.java:483)
	at org.springframework.beans.factory.support.AbstractBeanFactory$1.getObject(AbstractBeanFactory.java:312)
	at org.springframework.beans.factory.support.DefaultSingletonBeanRegistry.getSingleton(DefaultSingletonBeanRegistry.java:230)
	at org.springframework.beans.factory.support.AbstractBeanFactory.doGetBean(AbstractBeanFactory.java:308)
	at org.springframework.beans.factory.support.AbstractBeanFactory.getBean(AbstractBeanFactory.java:202)
	at org.springframework.beans.factory.config.DependencyDescriptor.resolveCandidate(DependencyDescriptor.java:208)
	at org.springframework.beans.factory.support.DefaultListableBeanFactory.doResolveDependency(DefaultListableBeanFactory.java:1138)
	at org.springframework.beans.factory.support.DefaultListableBeanFactory.resolveDependency(DefaultListableBeanFactory.java:1066)
	at org.springframework.beans.factory.annotation.AutowiredAnnotationBeanPostProcessor$AutowiredFieldElement.inject(AutowiredAnnotationBeanPostProcessor.java:585)
	... 32 more
Caused by: org.springframework.beans.factory.BeanCreationException: Error creating bean with name 'sqlSessionFactory' defined in class path resource [tk/mybatis/mapper/autoconfigure/MapperAutoConfiguration.class]: Bean instantiation via factory method failed; nested exception is org.springframework.beans.BeanInstantiationException: Failed to instantiate [org.apache.ibatis.session.SqlSessionFactory]: Factory method 'sqlSessionFactory' threw exception; nested exception is org.springframework.core.NestedIOException: Failed to parse mapping resource: 'file [E:\workspace\blockchain\nfcbserverd\nfc-exploer-api\target\classes\mapper\ContractverifiedMapper.xml]'; nested exception is org.apache.ibatis.builder.BuilderException: Error parsing Mapper XML. The XML location is 'file [E:\workspace\blockchain\nfcbserverd\nfc-exploer-api\target\classes\mapper\ContractverifiedMapper.xml]'. Cause: java.lang.IllegalArgumentException: Result Maps collection already contains value for com.imooc.mapper.ContractMapper.BaseResultMapAccount
	at org.springframework.beans.factory.support.ConstructorResolver.instantiateUsingFactoryMethod(ConstructorResolver.java:599)
	at org.springframework.beans.factory.support.AbstractAutowireCapableBeanFactory.instantiateUsingFactoryMethod(AbstractAutowireCapableBeanFactory.java:1177)
	at org.springframework.beans.factory.support.AbstractAutowireCapableBeanFactory.createBeanInstance(AbstractAutowireCapableBeanFactory.java:1071)
	at org.springframework.beans.factory.support.AbstractAutowireCapableBeanFactory.doCreateBean(AbstractAutowireCapableBeanFactory.java:513)
	at org.springframework.beans.factory.support.AbstractAutowireCapableBeanFactory.createBean(AbstractAutowireCapableBeanFactory.java:483)
	at org.springframework.beans.factory.support.AbstractBeanFactory$1.getObject(AbstractBeanFactory.java:312)
	at org.springframework.beans.factory.support.DefaultSingletonBeanRegistry.getSingleton(DefaultSingletonBeanRegistry.java:230)
	at org.springframework.beans.factory.support.AbstractBeanFactory.doGetBean(AbstractBeanFactory.java:308)
	at org.springframework.beans.factory.support.AbstractBeanFactory.getBean(AbstractBeanFactory.java:202)
	at org.springframework.beans.factory.config.DependencyDescriptor.resolveCandidate(DependencyDescriptor.java:208)
	at org.springframework.beans.factory.support.DefaultListableBeanFactory.doResolveDependency(DefaultListableBeanFactory.java:1138)
	at org.springframework.beans.factory.support.DefaultListableBeanFactory.resolveDependency(DefaultListableBeanFactory.java:1066)
	at org.springframework.beans.factory.support.AbstractAutowireCapableBeanFactory.autowireByType(AbstractAutowireCapableBeanFactory.java:1346)
	... 43 more
Caused by: org.springframework.beans.BeanInstantiationException: Failed to instantiate [org.apache.ibatis.session.SqlSessionFactory]: Factory method 'sqlSessionFactory' threw exception; nested exception is org.springframework.core.NestedIOException: Failed to parse mapping resource: 'file [E:\workspace\blockchain\nfcbserverd\nfc-exploer-api\target\classes\mapper\ContractverifiedMapper.xml]'; nested exception is org.apache.ibatis.builder.BuilderException: Error parsing Mapper XML. The XML location is 'file [E:\workspace\blockchain\nfcbserverd\nfc-exploer-api\target\classes\mapper\ContractverifiedMapper.xml]'. Cause: java.lang.IllegalArgumentException: Result Maps collection already contains value for com.imooc.mapper.ContractMapper.BaseResultMapAccount
	at org.springframework.beans.factory.support.SimpleInstantiationStrategy.instantiate(SimpleInstantiationStrategy.java:189)
	at org.springframework.beans.factory.support.ConstructorResolver.instantiateUsingFactoryMethod(ConstructorResolver.java:588)
	... 55 more
Caused by: org.springframework.core.NestedIOException: Failed to parse mapping resource: 'file [E:\workspace\blockchain\nfcbserverd\nfc-exploer-api\target\classes\mapper\ContractverifiedMapper.xml]'; nested exception is org.apache.ibatis.builder.BuilderException: Error parsing Mapper XML. The XML location is 'file [E:\workspace\blockchain\nfcbserverd\nfc-exploer-api\target\classes\mapper\ContractverifiedMapper.xml]'. Cause: java.lang.IllegalArgumentException: Result Maps collection already contains value for com.imooc.mapper.ContractMapper.BaseResultMapAccount
	at org.mybatis.spring.SqlSessionFactoryBean.buildSqlSessionFactory(SqlSessionFactoryBean.java:523)
	at org.mybatis.spring.SqlSessionFactoryBean.afterPropertiesSet(SqlSessionFactoryBean.java:380)
	at org.mybatis.spring.SqlSessionFactoryBean.getObject(SqlSessionFactoryBean.java:547)
	at tk.mybatis.mapper.autoconfigure.MapperAutoConfiguration.sqlSessionFactory(MapperAutoConfiguration.java:155)
	at tk.mybatis.mapper.autoconfigure.MapperAutoConfiguration$$EnhancerBySpringCGLIB$$99fd8a7a.CGLIB$sqlSessionFactory$0(<generated>)
	at tk.mybatis.mapper.autoconfigure.MapperAutoConfiguration$$EnhancerBySpringCGLIB$$99fd8a7a$$FastClassBySpringCGLIB$$92b165d6.invoke(<generated>)
	at org.springframework.cglib.proxy.MethodProxy.invokeSuper(MethodProxy.java:228)
	at org.springframework.context.annotation.ConfigurationClassEnhancer$BeanMethodInterceptor.intercept(ConfigurationClassEnhancer.java:358)
	at tk.mybatis.mapper.autoconfigure.MapperAutoConfiguration$$EnhancerBySpringCGLIB$$99fd8a7a.sqlSessionFactory(<generated>)
	at sun.reflect.NativeMethodAccessorImpl.invoke0(Native Method)
	at sun.reflect.NativeMethodAccessorImpl.invoke(NativeMethodAccessorImpl.java:62)
	at sun.reflect.DelegatingMethodAccessorImpl.invoke(DelegatingMethodAccessorImpl.java:43)
	at java.lang.reflect.Method.invoke(Method.java:498)
	at org.springframework.beans.factory.support.SimpleInstantiationStrategy.instantiate(SimpleInstantiationStrategy.java:162)
	... 56 more
Caused by: org.apache.ibatis.builder.BuilderException: Error parsing Mapper XML. The XML location is 'file [E:\workspace\blockchain\nfcbserverd\nfc-exploer-api\target\classes\mapper\ContractverifiedMapper.xml]'. Cause: java.lang.IllegalArgumentException: Result Maps collection already contains value for com.imooc.mapper.ContractMapper.BaseResultMapAccount
	at org.apache.ibatis.builder.xml.XMLMapperBuilder.configurationElement(XMLMapperBuilder.java:122)
	at org.apache.ibatis.builder.xml.XMLMapperBuilder.parse(XMLMapperBuilder.java:94)
	at org.mybatis.spring.SqlSessionFactoryBean.buildSqlSessionFactory(SqlSessionFactoryBean.java:521)
	... 69 more
Caused by: java.lang.IllegalArgumentException: Result Maps collection already contains value for com.imooc.mapper.ContractMapper.BaseResultMapAccount
	at org.apache.ibatis.session.Configuration$StrictMap.put(Configuration.java:947)
	at org.apache.ibatis.session.Configuration$StrictMap.put(Configuration.java:903)
	at org.apache.ibatis.session.Configuration.addResultMap(Configuration.java:660)
	at org.apache.ibatis.builder.MapperBuilderAssistant.addResultMap(MapperBuilderAssistant.java:209)
	at org.apache.ibatis.builder.ResultMapResolver.resolve(ResultMapResolver.java:47)
	at org.apache.ibatis.builder.xml.XMLMapperBuilder.resultMapElement(XMLMapperBuilder.java:289)
	at org.apache.ibatis.builder.xml.XMLMapperBuilder.resultMapElement(XMLMapperBuilder.java:253)
	at org.apache.ibatis.builder.xml.XMLMapperBuilder.resultMapElements(XMLMapperBuilder.java:245)
	at org.apache.ibatis.builder.xml.XMLMapperBuilder.configurationElement(XMLMapperBuilder.java:118)
	... 71 more
2022-11-29 16:22:58,793 [main] [org.springframework.boot.StartupInfoLogger.logStarting(StartupInfoLogger.java:48)] - [INFO] Starting Application on CSNow-PC with PID 8536 (E:\workspace\blockchain\nfcbserverd\nfc-exploer-api\target\classes started by CSNow in E:\workspace\blockchain\nfcbserverd\nfc-exploer-api)
2022-11-29 16:22:58,793 [main] [org.springframework.boot.SpringApplication.logStartupProfileInfo(SpringApplication.java:593)] - [INFO] No active profile set, falling back to default profiles: default
2022-11-29 16:22:59,089 [main] [org.springframework.context.support.AbstractApplicationContext.prepareRefresh(AbstractApplicationContext.java:583)] - [INFO] Refreshing org.springframework.boot.context.embedded.AnnotationConfigEmbeddedWebApplicationContext@614ca7df: startup date [Tue Nov 29 16:22:59 CST 2022]; root of context hierarchy
2022-11-29 16:22:59,262 [background-preinit] [org.hibernate.validator.internal.util.Version.<clinit>(Version.java:30)] - [INFO] HV000001: Hibernate Validator 5.3.6.Final
2022-11-29 16:23:00,550 [main] [org.springframework.data.repository.config.RepositoryConfigurationDelegate.multipleStoresDetected(RepositoryConfigurationDelegate.java:165)] - [INFO] Multiple Spring Data modules found, entering strict repository configuration mode!
2022-11-29 16:23:01,311 [main] [org.springframework.context.support.PostProcessorRegistrationDelegate$BeanPostProcessorChecker.postProcessAfterInitialization(PostProcessorRegistrationDelegate.java:327)] - [INFO] Bean 'org.springframework.transaction.annotation.ProxyTransactionManagementConfiguration' of type [org.springframework.transaction.annotation.ProxyTransactionManagementConfiguration$$EnhancerBySpringCGLIB$$5914d1b7] is not eligible for getting processed by all BeanPostProcessors (for example: not eligible for auto-proxying)
2022-11-29 16:23:02,002 [main] [org.springframework.boot.context.embedded.tomcat.TomcatEmbeddedServletContainer.initialize(TomcatEmbeddedServletContainer.java:92)] - [INFO] Tomcat initialized with port(s): 8091 (http)
2022-11-29 16:23:02,215 [localhost-startStop-1] [org.springframework.boot.context.embedded.EmbeddedWebApplicationContext.prepareEmbeddedWebApplicationContext(EmbeddedWebApplicationContext.java:276)] - [INFO] Root WebApplicationContext: initialization completed in 3126 ms
2022-11-29 16:23:02,540 [localhost-startStop-1] [org.springframework.boot.web.servlet.ServletRegistrationBean.onStartup(ServletRegistrationBean.java:190)] - [INFO] Mapping servlet: 'dispatcherServlet' to [/]
2022-11-29 16:23:02,540 [localhost-startStop-1] [org.springframework.boot.web.servlet.ServletRegistrationBean.onStartup(ServletRegistrationBean.java:190)] - [INFO] Mapping servlet: 'statViewServlet' to [/druid/*]
2022-11-29 16:23:02,540 [localhost-startStop-1] [org.springframework.boot.web.servlet.AbstractFilterRegistrationBean.configure(AbstractFilterRegistrationBean.java:258)] - [INFO] Mapping filter: 'characterEncodingFilter' to: [/*]
2022-11-29 16:23:02,540 [localhost-startStop-1] [org.springframework.boot.web.servlet.AbstractFilterRegistrationBean.configure(AbstractFilterRegistrationBean.java:258)] - [INFO] Mapping filter: 'hiddenHttpMethodFilter' to: [/*]
2022-11-29 16:23:02,540 [localhost-startStop-1] [org.springframework.boot.web.servlet.AbstractFilterRegistrationBean.configure(AbstractFilterRegistrationBean.java:258)] - [INFO] Mapping filter: 'httpPutFormContentFilter' to: [/*]
2022-11-29 16:23:02,540 [localhost-startStop-1] [org.springframework.boot.web.servlet.AbstractFilterRegistrationBean.configure(AbstractFilterRegistrationBean.java:258)] - [INFO] Mapping filter: 'requestContextFilter' to: [/*]
2022-11-29 16:23:02,540 [localhost-startStop-1] [org.springframework.boot.web.servlet.AbstractFilterRegistrationBean.configure(AbstractFilterRegistrationBean.java:271)] - [INFO] Mapping filter: 'webStatFilter' to urls: [/*]
2022-11-29 16:23:05,442 [main] [org.springframework.context.support.AbstractApplicationContext.refresh(AbstractApplicationContext.java:551)] - [WARN] Exception encountered during context initialization - cancelling refresh attempt: org.springframework.beans.factory.UnsatisfiedDependencyException: Error creating bean with name 'explorerJob': Unsatisfied dependency expressed through field 'contractService'; nested exception is org.springframework.beans.factory.UnsatisfiedDependencyException: Error creating bean with name 'contractService': Unsatisfied dependency expressed through field 'addressService'; nested exception is org.springframework.beans.factory.UnsatisfiedDependencyException: Error creating bean with name 'addressService': Unsatisfied dependency expressed through field 'web3jService'; nested exception is org.springframework.beans.factory.UnsatisfiedDependencyException: Error creating bean with name 'web3jService': Unsatisfied dependency expressed through field 'web3j'; nested exception is org.springframework.beans.factory.NoSuchBeanDefinitionException: No qualifying bean of type 'org.web3j.protocol.Web3j' available: expected at least 1 bean which qualifies as autowire candidate. Dependency annotations: {@org.springframework.beans.factory.annotation.Autowired(required=true)}
2022-11-29 16:23:05,477 [main] [org.springframework.boot.autoconfigure.logging.AutoConfigurationReportLoggingInitializer.logAutoConfigurationReport(AutoConfigurationReportLoggingInitializer.java:101)] - [INFO] 

Error starting ApplicationContext. To display the auto-configuration report re-run your application with 'debug' enabled.
2022-11-29 16:23:05,620 [main] [org.springframework.boot.diagnostics.LoggingFailureAnalysisReporter.report(LoggingFailureAnalysisReporter.java:42)] - [ERROR] 

***************************
APPLICATION FAILED TO START
***************************

Description:

Field web3j in com.imooc.controller.job.service.Web3jService required a bean of type 'org.web3j.protocol.Web3j' that could not be found.


Action:

Consider defining a bean of type 'org.web3j.protocol.Web3j' in your configuration.

2022-11-29 16:24:05,819 [main] [org.springframework.boot.StartupInfoLogger.logStarting(StartupInfoLogger.java:48)] - [INFO] Starting Application on CSNow-PC with PID 9044 (E:\workspace\blockchain\nfcbserverd\nfc-exploer-api\target\classes started by CSNow in E:\workspace\blockchain\nfcbserverd\nfc-exploer-api)
2022-11-29 16:24:05,822 [main] [org.springframework.boot.SpringApplication.logStartupProfileInfo(SpringApplication.java:593)] - [INFO] No active profile set, falling back to default profiles: default
2022-11-29 16:24:06,143 [main] [org.springframework.context.support.AbstractApplicationContext.prepareRefresh(AbstractApplicationContext.java:583)] - [INFO] Refreshing org.springframework.boot.context.embedded.AnnotationConfigEmbeddedWebApplicationContext@614ca7df: startup date [Tue Nov 29 16:24:06 CST 2022]; root of context hierarchy
2022-11-29 16:24:06,197 [background-preinit] [org.hibernate.validator.internal.util.Version.<clinit>(Version.java:30)] - [INFO] HV000001: Hibernate Validator 5.3.6.Final
2022-11-29 16:24:07,623 [main] [org.springframework.data.repository.config.RepositoryConfigurationDelegate.multipleStoresDetected(RepositoryConfigurationDelegate.java:165)] - [INFO] Multiple Spring Data modules found, entering strict repository configuration mode!
2022-11-29 16:24:08,691 [main] [org.springframework.context.support.PostProcessorRegistrationDelegate$BeanPostProcessorChecker.postProcessAfterInitialization(PostProcessorRegistrationDelegate.java:327)] - [INFO] Bean 'org.springframework.transaction.annotation.ProxyTransactionManagementConfiguration' of type [org.springframework.transaction.annotation.ProxyTransactionManagementConfiguration$$EnhancerBySpringCGLIB$$f19c0a27] is not eligible for getting processed by all BeanPostProcessors (for example: not eligible for auto-proxying)
2022-11-29 16:24:10,060 [main] [org.springframework.boot.context.embedded.tomcat.TomcatEmbeddedServletContainer.initialize(TomcatEmbeddedServletContainer.java:92)] - [INFO] Tomcat initialized with port(s): 8091 (http)
2022-11-29 16:24:10,373 [localhost-startStop-1] [org.springframework.boot.context.embedded.EmbeddedWebApplicationContext.prepareEmbeddedWebApplicationContext(EmbeddedWebApplicationContext.java:276)] - [INFO] Root WebApplicationContext: initialization completed in 4230 ms
2022-11-29 16:24:10,753 [localhost-startStop-1] [org.springframework.boot.web.servlet.ServletRegistrationBean.onStartup(ServletRegistrationBean.java:190)] - [INFO] Mapping servlet: 'dispatcherServlet' to [/]
2022-11-29 16:24:10,769 [localhost-startStop-1] [org.springframework.boot.web.servlet.ServletRegistrationBean.onStartup(ServletRegistrationBean.java:190)] - [INFO] Mapping servlet: 'statViewServlet' to [/druid/*]
2022-11-29 16:24:10,769 [localhost-startStop-1] [org.springframework.boot.web.servlet.AbstractFilterRegistrationBean.configure(AbstractFilterRegistrationBean.java:258)] - [INFO] Mapping filter: 'characterEncodingFilter' to: [/*]
2022-11-29 16:24:10,769 [localhost-startStop-1] [org.springframework.boot.web.servlet.AbstractFilterRegistrationBean.configure(AbstractFilterRegistrationBean.java:258)] - [INFO] Mapping filter: 'hiddenHttpMethodFilter' to: [/*]
2022-11-29 16:24:10,769 [localhost-startStop-1] [org.springframework.boot.web.servlet.AbstractFilterRegistrationBean.configure(AbstractFilterRegistrationBean.java:258)] - [INFO] Mapping filter: 'httpPutFormContentFilter' to: [/*]
2022-11-29 16:24:10,769 [localhost-startStop-1] [org.springframework.boot.web.servlet.AbstractFilterRegistrationBean.configure(AbstractFilterRegistrationBean.java:258)] - [INFO] Mapping filter: 'requestContextFilter' to: [/*]
2022-11-29 16:24:10,769 [localhost-startStop-1] [org.springframework.boot.web.servlet.AbstractFilterRegistrationBean.configure(AbstractFilterRegistrationBean.java:271)] - [INFO] Mapping filter: 'webStatFilter' to urls: [/*]
2022-11-29 16:24:16,979 [main] [org.springframework.web.servlet.handler.AbstractHandlerMethodMapping$MappingRegistry.register(AbstractHandlerMethodMapping.java:543)] - [INFO] Mapped "{[/account/balance],methods=[POST]}" onto public com.imooc.utils.ResultMap com.imooc.controller.AccountController.getLeatestBlockNumber(java.lang.String) throws java.lang.Exception
2022-11-29 16:24:16,983 [main] [org.springframework.web.servlet.handler.AbstractHandlerMethodMapping$MappingRegistry.register(AbstractHandlerMethodMapping.java:543)] - [INFO] Mapped "{[/account/ternalListByTransactionHash],methods=[POST]}" onto public com.imooc.utils.ResultMap com.imooc.controller.AccountController.getTernalListByTransactionHash(java.lang.String) throws java.lang.Exception
2022-11-29 16:24:16,984 [main] [org.springframework.web.servlet.handler.AbstractHandlerMethodMapping$MappingRegistry.register(AbstractHandlerMethodMapping.java:543)] - [INFO] Mapped "{[/account/balancemulti],methods=[POST]}" onto public com.imooc.utils.ResultMap com.imooc.controller.AccountController.getbalancemulti(java.lang.String) throws java.lang.Exception
2022-11-29 16:24:16,984 [main] [org.springframework.web.servlet.handler.AbstractHandlerMethodMapping$MappingRegistry.register(AbstractHandlerMethodMapping.java:543)] - [INFO] Mapped "{[/account/txList],methods=[POST]}" onto public com.imooc.utils.ResultMap com.imooc.controller.AccountController.getAccountTxList(java.lang.String,long,long) throws java.lang.Exception
2022-11-29 16:24:16,985 [main] [org.springframework.web.servlet.handler.AbstractHandlerMethodMapping$MappingRegistry.register(AbstractHandlerMethodMapping.java:543)] - [INFO] Mapped "{[/account/ternalList],methods=[POST]}" onto public com.imooc.utils.ResultMap com.imooc.controller.AccountController.getTernalList(java.lang.String,long,long) throws java.lang.Exception
2022-11-29 16:24:16,986 [main] [org.springframework.web.servlet.handler.AbstractHandlerMethodMapping$MappingRegistry.register(AbstractHandlerMethodMapping.java:543)] - [INFO] Mapped "{[/account/ternalListByBlockErc20],methods=[POST]}" onto public com.imooc.utils.ResultMap com.imooc.controller.AccountController.getTxListByBlock(int) throws java.lang.Exception
2022-11-29 16:24:16,988 [main] [org.springframework.web.servlet.handler.AbstractHandlerMethodMapping$MappingRegistry.register(AbstractHandlerMethodMapping.java:543)] - [INFO] Mapped "{[/account/ternalListByBlock],methods=[POST]}" onto public com.imooc.utils.ResultMap com.imooc.controller.AccountController.getTxListByBlock(long,long) throws java.lang.Exception
2022-11-29 16:24:16,989 [main] [org.springframework.web.servlet.handler.AbstractHandlerMethodMapping$MappingRegistry.register(AbstractHandlerMethodMapping.java:543)] - [INFO] Mapped "{[/account/getMinedByBlock],methods=[POST]}" onto public com.imooc.utils.ResultMap com.imooc.controller.AccountController.getMinedByBlock(com.imooc.pojo.Form.BlockRewardQueryForm) throws java.lang.Exception
2022-11-29 16:24:17,024 [main] [org.springframework.web.servlet.handler.AbstractHandlerMethodMapping$MappingRegistry.register(AbstractHandlerMethodMapping.java:543)] - [INFO] Mapped "{[/platform/validateCaladateAddress],methods=[POST]}" onto public com.imooc.utils.ResultMap com.imooc.controller.AllDataController.valilockNfcMinerInfodateCaladateAddress(java.lang.String)
2022-11-29 16:24:17,026 [main] [org.springframework.web.servlet.handler.AbstractHandlerMethodMapping$MappingRegistry.register(AbstractHandlerMethodMapping.java:543)] - [INFO] Mapped "{[/platform/getDposByRoundAndCandidateForAddress],methods=[POST]}" onto public com.imooc.utils.ResultMap<com.baomidou.mybatisplus.extension.plugins.pagination.Page<com.imooc.pojo.DposVotes>> com.imooc.controller.AllDataController.getDposByRoundAndCandidateForAddress(com.imooc.pojo.Form.BlockQueryForm) throws java.lang.Exception
2022-11-29 16:24:17,029 [main] [org.springframework.web.servlet.handler.AbstractHandlerMethodMapping$MappingRegistry.register(AbstractHandlerMethodMapping.java:543)] - [INFO] Mapped "{[/platform/getTransactionList],methods=[POST]}" onto public com.imooc.utils.ResultMap<com.baomidou.mybatisplus.extension.plugins.pagination.Page<com.imooc.pojo.Transaction>> com.imooc.controller.AllDataController.getTransactionList(com.imooc.pojo.Form.BlockQueryForm)
2022-11-29 16:24:17,029 [main] [org.springframework.web.servlet.handler.AbstractHandlerMethodMapping$MappingRegistry.register(AbstractHandlerMethodMapping.java:543)] - [INFO] Mapped "{[/platform/searchByNumber],methods=[POST]}" onto public com.imooc.utils.ResultMap com.imooc.controller.AllDataController.getBlockInfoByBlockNumber(java.lang.Long)
2022-11-29 16:24:17,030 [main] [org.springframework.web.servlet.handler.AbstractHandlerMethodMapping$MappingRegistry.register(AbstractHandlerMethodMapping.java:543)] - [INFO] Mapped "{[/platform/getTransactionByBlockNumber],methods=[POST]}" onto public com.imooc.utils.ResultMap<com.baomidou.mybatisplus.extension.plugins.pagination.Page<com.imooc.pojo.Transaction>> com.imooc.controller.AllDataController.getTransactionsByBlockNumber(com.imooc.pojo.Form.TransactionQueryForm)
2022-11-29 16:24:17,031 [main] [org.springframework.web.servlet.handler.AbstractHandlerMethodMapping$MappingRegistry.register(AbstractHandlerMethodMapping.java:543)] - [INFO] Mapped "{[/platform/getAddressInfoByAddressHash],methods=[POST]}" onto public com.imooc.utils.ResultMap com.imooc.controller.AllDataController.getAddressInfoByAddressHash(com.imooc.pojo.Form.TransactionQueryForm)
2022-11-29 16:24:17,031 [main] [org.springframework.web.servlet.handler.AbstractHandlerMethodMapping$MappingRegistry.register(AbstractHandlerMethodMapping.java:543)] - [INFO] Mapped "{[/platform/getTransactionByAddressHash],methods=[POST]}" onto public com.imooc.utils.ResultMap<com.baomidou.mybatisplus.extension.plugins.pagination.Page<com.imooc.pojo.Transaction>> com.imooc.controller.AllDataController.getTransactionByAddressHash(com.imooc.pojo.Form.TransactionQueryForm)
2022-11-29 16:24:17,032 [main] [org.springframework.web.servlet.handler.AbstractHandlerMethodMapping$MappingRegistry.register(AbstractHandlerMethodMapping.java:543)] - [INFO] Mapped "{[/platform/getTransactionByTxHash],methods=[POST]}" onto public com.imooc.utils.ResultMap com.imooc.controller.AllDataController.getTransactionByTxHash(com.imooc.pojo.Form.TransactionQueryForm)
2022-11-29 16:24:17,033 [main] [org.springframework.web.servlet.handler.AbstractHandlerMethodMapping$MappingRegistry.register(AbstractHandlerMethodMapping.java:543)] - [INFO] Mapped "{[/platform/getBlanceForAddressHash],methods=[POST]}" onto public com.imooc.utils.ResultMap com.imooc.controller.AllDataController.getEchartForBalance(java.lang.String)
2022-11-29 16:24:17,034 [main] [org.springframework.web.servlet.handler.AbstractHandlerMethodMapping$MappingRegistry.register(AbstractHandlerMethodMapping.java:543)] - [INFO] Mapped "{[/platform/selectForAddressDetail],methods=[POST]}" onto public com.imooc.utils.ResultMap com.imooc.controller.AllDataController.getForAddressDetail(com.imooc.pojo.Form.TransactionQueryForm) throws java.lang.Exception
2022-11-29 16:24:17,035 [main] [org.springframework.web.servlet.handler.AbstractHandlerMethodMapping$MappingRegistry.register(AbstractHandlerMethodMapping.java:543)] - [INFO] Mapped "{[/platform/getMinerInfoForAddress],methods=[POST]}" onto public com.imooc.utils.ResultMap com.imooc.controller.AllDataController.getMinerInfoForAddress(com.imooc.pojo.Form.TransferMinerForm) throws java.lang.Exception
2022-11-29 16:24:17,036 [main] [org.springframework.web.servlet.handler.AbstractHandlerMethodMapping$MappingRegistry.register(AbstractHandlerMethodMapping.java:543)] - [INFO] Mapped "{[/platform/getMinerInfoForWallet],methods=[POST]}" onto public com.imooc.utils.ResultMap com.imooc.controller.AllDataController.getMinerInfoForWallet(com.imooc.pojo.Form.MinerQueryForm) throws java.lang.Exception
2022-11-29 16:24:17,037 [main] [org.springframework.web.servlet.handler.AbstractHandlerMethodMapping$MappingRegistry.register(AbstractHandlerMethodMapping.java:543)] - [INFO] Mapped "{[/platform/getTransactionValue],methods=[POST]}" onto public com.imooc.utils.ResultMap com.imooc.controller.AllDataController.getTransactionValue() throws java.lang.Exception
2022-11-29 16:24:17,038 [main] [org.springframework.web.servlet.handler.AbstractHandlerMethodMapping$MappingRegistry.register(AbstractHandlerMethodMapping.java:543)] - [INFO] Mapped "{[/platform/lockAndPledgeInfo],methods=[POST]}" onto public com.imooc.utils.ResultMap<com.baomidou.mybatisplus.extension.plugins.pagination.Page<com.imooc.pojo.TransferMiner>> com.imooc.controller.AllDataController.getLockAndPledgeInfo(com.imooc.pojo.Form.LockUpTransferForm) throws java.lang.Exception
2022-11-29 16:24:17,039 [main] [org.springframework.web.servlet.handler.AbstractHandlerMethodMapping$MappingRegistry.register(AbstractHandlerMethodMapping.java:543)] - [INFO] Mapped "{[/platform/getMinerAndFeeNfc],methods=[POST]}" onto public com.imooc.utils.ResultMap<com.baomidou.mybatisplus.extension.plugins.pagination.Page<com.imooc.pojo.vo.BlockAndMinerVo>> com.imooc.controller.AllDataController.getMinerAndFeeNfc(com.imooc.pojo.Form.BlockQueryForm) throws java.lang.Exception
2022-11-29 16:24:17,040 [main] [org.springframework.web.servlet.handler.AbstractHandlerMethodMapping$MappingRegistry.register(AbstractHandlerMethodMapping.java:543)] - [INFO] Mapped "{[/platform/lockNfcMinerInfo],methods=[POST]}" onto public com.imooc.utils.ResultMap<com.baomidou.mybatisplus.extension.plugins.pagination.Page<com.imooc.pojo.vo.TransferMinerVo>> com.imooc.controller.AllDataController.getLockNfcMinerInfo(com.imooc.pojo.Form.BlockQueryForm) throws java.lang.Exception
2022-11-29 16:24:17,043 [main] [org.springframework.web.servlet.handler.AbstractHandlerMethodMapping$MappingRegistry.register(AbstractHandlerMethodMapping.java:543)] - [INFO] Mapped "{[/platform/getNfcMinerLockSum],methods=[POST]}" onto public com.imooc.utils.ResultMap<com.baomidou.mybatisplus.extension.plugins.pagination.Page<com.imooc.pojo.vo.TransferMinerVo>> com.imooc.controller.AllDataController.getNfcMinerLockSum(com.imooc.pojo.Form.BlockQueryForm) throws java.lang.Exception
2022-11-29 16:24:17,064 [main] [org.springframework.web.servlet.handler.AbstractHandlerMethodMapping$MappingRegistry.register(AbstractHandlerMethodMapping.java:543)] - [INFO] Mapped "{[/platform/lockNfcMinersByRevAddress],methods=[POST]}" onto public com.imooc.utils.ResultMap<com.baomidou.mybatisplus.extension.plugins.pagination.Page<com.imooc.pojo.vo.TransferMinerVo>> com.imooc.controller.AllDataController.getLockNfcMinersByRevAddress(com.imooc.pojo.Form.BlockQueryForm) throws java.lang.Exception
2022-11-29 16:24:17,065 [main] [org.springframework.web.servlet.handler.AbstractHandlerMethodMapping$MappingRegistry.register(AbstractHandlerMethodMapping.java:543)] - [INFO] Mapped "{[/platform/lockSummaryByRevAddress],methods=[POST]}" onto public com.imooc.utils.ResultMap com.imooc.controller.AllDataController.getLockSummaryByRevAddress(com.imooc.pojo.Form.BlockQueryForm) throws java.lang.Exception
2022-11-29 16:24:17,065 [main] [org.springframework.web.servlet.handler.AbstractHandlerMethodMapping$MappingRegistry.register(AbstractHandlerMethodMapping.java:543)] - [INFO] Mapped "{[/platform/lockNfcMinerInfoForTotal],methods=[POST]}" onto public com.imooc.utils.ResultMap<com.baomidou.mybatisplus.extension.plugins.pagination.Page<com.imooc.pojo.vo.TransferMinerVo>> com.imooc.controller.AllDataController.lockNfcMinerInfoForTotal(com.imooc.pojo.Form.BlockQueryForm) throws java.lang.Exception
2022-11-29 16:24:17,066 [main] [org.springframework.web.servlet.handler.AbstractHandlerMethodMapping$MappingRegistry.register(AbstractHandlerMethodMapping.java:543)] - [INFO] Mapped "{[/platform/lockNfcMinerSerach],methods=[POST]}" onto public com.imooc.utils.ResultMap<com.baomidou.mybatisplus.extension.plugins.pagination.Page<com.imooc.pojo.vo.TransferMinerVo>> com.imooc.controller.AllDataController.lockNfcMinerSerach(com.imooc.pojo.Form.BlockQueryForm) throws java.lang.Exception
2022-11-29 16:24:17,067 [main] [org.springframework.web.servlet.handler.AbstractHandlerMethodMapping$MappingRegistry.register(AbstractHandlerMethodMapping.java:543)] - [INFO] Mapped "{[/platform/getDposVoterTotalForRound],methods=[POST]}" onto public com.imooc.utils.ResultMap com.imooc.controller.AllDataController.getDposVoterTotalForRound() throws java.io.IOException
2022-11-29 16:24:17,068 [main] [org.springframework.web.servlet.handler.AbstractHandlerMethodMapping$MappingRegistry.register(AbstractHandlerMethodMapping.java:543)] - [INFO] Mapped "{[/platform/getDposVoterAddressTotal],methods=[POST]}" onto public com.imooc.utils.ResultMap com.imooc.controller.AllDataController.getDposVoterAddressTotal(com.imooc.pojo.Form.BlockQueryForm) throws java.io.IOException
2022-11-29 16:24:17,069 [main] [org.springframework.web.servlet.handler.AbstractHandlerMethodMapping$MappingRegistry.register(AbstractHandlerMethodMapping.java:543)] - [INFO] Mapped "{[/platform/getContractToken],methods=[POST]}" onto public com.imooc.utils.ResultMap<com.baomidou.mybatisplus.extension.plugins.pagination.Page<com.imooc.pojo.TokenContract>> com.imooc.controller.AllDataController.getTokenContractList(com.imooc.pojo.Form.BlockQueryForm) throws java.io.IOException
2022-11-29 16:24:17,069 [main] [org.springframework.web.servlet.handler.AbstractHandlerMethodMapping$MappingRegistry.register(AbstractHandlerMethodMapping.java:543)] - [INFO] Mapped "{[/platform/getTransTokenListForContract],methods=[POST]}" onto public com.imooc.utils.ResultMap<com.baomidou.mybatisplus.extension.plugins.pagination.Page<com.imooc.pojo.TransToken>> com.imooc.controller.AllDataController.getTransTokenListForContract(com.imooc.pojo.Form.BlockQueryForm) throws java.io.IOException
2022-11-29 16:24:17,070 [main] [org.springframework.web.servlet.handler.AbstractHandlerMethodMapping$MappingRegistry.register(AbstractHandlerMethodMapping.java:543)] - [INFO] Mapped "{[/platform/node/getNodePledgeAmount],methods=[POST]}" onto public com.imooc.utils.ResultMap com.imooc.controller.AllDataController.getNodePledgeAmount(com.imooc.pojo.Form.NfcNodeMinerQueryForm) throws java.lang.Exception
2022-11-29 16:24:17,070 [main] [org.springframework.web.servlet.handler.AbstractHandlerMethodMapping$MappingRegistry.register(AbstractHandlerMethodMapping.java:543)] - [INFO] Mapped "{[/platform/node/getNodeExistRealse],methods=[POST]}" onto public com.imooc.utils.ResultMap com.imooc.controller.AllDataController.getNodeExistRealse(com.imooc.pojo.Form.NfcNodeMinerQueryForm) throws java.lang.Exception
2022-11-29 16:24:17,070 [main] [org.springframework.web.servlet.handler.AbstractHandlerMethodMapping$MappingRegistry.register(AbstractHandlerMethodMapping.java:543)] - [INFO] Mapped "{[/platform/getTokenIsExitCount],methods=[POST]}" onto public com.imooc.utils.ResultMap com.imooc.controller.AllDataController.getTokenIsExitCount(com.imooc.pojo.Form.TokenQueryForm)
2022-11-29 16:24:17,071 [main] [org.springframework.web.servlet.handler.AbstractHandlerMethodMapping$MappingRegistry.register(AbstractHandlerMethodMapping.java:543)] - [INFO] Mapped "{[/platform/getTransactionByToAddress],methods=[POST]}" onto public com.imooc.utils.ResultMap com.imooc.controller.AllDataController.getTransactionByToAddress(com.imooc.pojo.Form.BlockQueryForm)
2022-11-29 16:24:17,071 [main] [org.springframework.web.servlet.handler.AbstractHandlerMethodMapping$MappingRegistry.register(AbstractHandlerMethodMapping.java:543)] - [INFO] Mapped "{[/platform/getFromAndToTransaction],methods=[POST]}" onto public com.imooc.utils.ResultMap<com.baomidou.mybatisplus.extension.plugins.pagination.Page<com.imooc.pojo.Transaction>> com.imooc.controller.AllDataController.getFromAndToTransaction(com.imooc.pojo.Form.BlockQueryForm)
2022-11-29 16:24:17,072 [main] [org.springframework.web.servlet.handler.AbstractHandlerMethodMapping$MappingRegistry.register(AbstractHandlerMethodMapping.java:543)] - [INFO] Mapped "{[/platform/getAllTotalForReceive],methods=[POST]}" onto public com.imooc.utils.ResultMap<com.baomidou.mybatisplus.extension.plugins.pagination.Page<com.imooc.pojo.Transaction>> com.imooc.controller.AllDataController.getAllTotalForReceive(java.lang.String)
2022-11-29 16:24:17,072 [main] [org.springframework.web.servlet.handler.AbstractHandlerMethodMapping$MappingRegistry.register(AbstractHandlerMethodMapping.java:543)] - [INFO] Mapped "{[/platform/getDposNodeInfoWallet],methods=[POST]}" onto public com.imooc.utils.ResultMap<com.baomidou.mybatisplus.extension.plugins.pagination.Page<com.imooc.pojo.DposNode>> com.imooc.controller.AllDataController.getDposNodeInfoWallet(com.imooc.pojo.Form.BlockQueryForm) throws java.io.IOException
2022-11-29 16:24:17,073 [main] [org.springframework.web.servlet.handler.AbstractHandlerMethodMapping$MappingRegistry.register(AbstractHandlerMethodMapping.java:543)] - [INFO] Mapped "{[/platform/getVoterListInfoForRound],methods=[POST]}" onto public com.imooc.utils.ResultMap<com.imooc.pojo.vo.DposVoterVo> com.imooc.controller.AllDataController.getVoterListInfoForRound(com.imooc.pojo.Form.BlockQueryForm) throws java.lang.Exception
2022-11-29 16:24:17,073 [main] [org.springframework.web.servlet.handler.AbstractHandlerMethodMapping$MappingRegistry.register(AbstractHandlerMethodMapping.java:543)] - [INFO] Mapped "{[/platform/getDposVoterForCandidate],methods=[POST]}" onto public com.imooc.utils.ResultMap<com.baomidou.mybatisplus.extension.plugins.pagination.Page<com.imooc.pojo.DposVotes>> com.imooc.controller.AllDataController.getDposVoterForCandidate(com.imooc.pojo.Form.BlockQueryForm) throws java.lang.Exception
2022-11-29 16:24:17,074 [main] [org.springframework.web.servlet.handler.AbstractHandlerMethodMapping$MappingRegistry.register(AbstractHandlerMethodMapping.java:543)] - [INFO] Mapped "{[/platform/getDposNodeForAddress],methods=[POST]}" onto public com.imooc.utils.ResultMap<com.baomidou.mybatisplus.extension.plugins.pagination.Page<com.imooc.pojo.DposVotesWallet>> com.imooc.controller.AllDataController.getDposNodeForAddress(com.imooc.pojo.Form.BlockQueryForm) throws java.lang.Exception
2022-11-29 16:24:17,075 [main] [org.springframework.web.servlet.handler.AbstractHandlerMethodMapping$MappingRegistry.register(AbstractHandlerMethodMapping.java:543)] - [INFO] Mapped "{[/platform/getVotersInfoPageList],methods=[POST]}" onto public com.imooc.utils.ResultMap<com.baomidou.mybatisplus.extension.plugins.pagination.Page<com.imooc.pojo.DposVotesWallet>> com.imooc.controller.AllDataController.getVotersInfoPageList(com.imooc.pojo.Form.DposVoterQueryForm) throws java.lang.Exception
2022-11-29 16:24:17,075 [main] [org.springframework.web.servlet.handler.AbstractHandlerMethodMapping$MappingRegistry.register(AbstractHandlerMethodMapping.java:543)] - [INFO] Mapped "{[/platform/getRewardVoterPageList],methods=[POST]}" onto public com.imooc.utils.ResultMap<com.baomidou.mybatisplus.extension.plugins.pagination.Page<com.imooc.pojo.Blocks>> com.imooc.controller.AllDataController.getRewardVoterPageList(com.imooc.pojo.Form.DposVoterQueryForm) throws java.lang.Exception
2022-11-29 16:24:17,076 [main] [org.springframework.web.servlet.handler.AbstractHandlerMethodMapping$MappingRegistry.register(AbstractHandlerMethodMapping.java:543)] - [INFO] Mapped "{[/platform/lockNfcMinerInfoWallet],methods=[POST]}" onto public com.imooc.utils.ResultMap<com.baomidou.mybatisplus.extension.plugins.pagination.Page<com.imooc.pojo.vo.TransferMinerVo>> com.imooc.controller.AllDataController.lockNfcMinerInfoWallet(com.imooc.pojo.Form.BlockQueryForm) throws java.lang.Exception
2022-11-29 16:24:17,076 [main] [org.springframework.web.servlet.handler.AbstractHandlerMethodMapping$MappingRegistry.register(AbstractHandlerMethodMapping.java:543)] - [INFO] Mapped "{[/platform/getTransactionByTokenHash],methods=[POST]}" onto public com.imooc.utils.ResultMap com.imooc.controller.AllDataController.getTransactionByTokenHash(com.imooc.pojo.Form.TransactionQueryForm)
2022-11-29 16:24:17,076 [main] [org.springframework.web.servlet.handler.AbstractHandlerMethodMapping$MappingRegistry.register(AbstractHandlerMethodMapping.java:543)] - [INFO] Mapped "{[/platform/getTransactionByTokenHashInfo],methods=[POST]}" onto public com.imooc.utils.ResultMap com.imooc.controller.AllDataController.getTransactionByTokenHashInfo(java.lang.String)
2022-11-29 16:24:17,077 [main] [org.springframework.web.servlet.handler.AbstractHandlerMethodMapping$MappingRegistry.register(AbstractHandlerMethodMapping.java:543)] - [INFO] Mapped "{[/platform/pagePledgeInfoList],methods=[POST]}" onto public com.imooc.utils.ResultMap<com.baomidou.mybatisplus.extension.plugins.pagination.Page<com.imooc.pojo.PledgeTotalData>> com.imooc.controller.AllDataController.pagePledgeInfoList(com.imooc.pojo.Form.PledgeQueryForm)
2022-11-29 16:24:17,079 [main] [org.springframework.web.servlet.handler.AbstractHandlerMethodMapping$MappingRegistry.register(AbstractHandlerMethodMapping.java:543)] - [INFO] Mapped "{[/platform/pagePledgeInfoDetail],methods=[POST]}" onto public com.imooc.utils.ResultMap<com.imooc.pojo.PledgeTotalData> com.imooc.controller.AllDataController.pagePledgeInfoDetail(com.imooc.pojo.Form.PledgeQueryForm)
2022-11-29 16:24:17,079 [main] [org.springframework.web.servlet.handler.AbstractHandlerMethodMapping$MappingRegistry.register(AbstractHandlerMethodMapping.java:543)] - [INFO] Mapped "{[/platform/pagePledgeDetail],methods=[POST]}" onto public com.imooc.utils.ResultMap<com.imooc.pojo.PledgeData> com.imooc.controller.AllDataController.pagePledgeEnDetail(com.imooc.pojo.Form.PledgeRnQueryForm)
2022-11-29 16:24:17,080 [main] [org.springframework.web.servlet.handler.AbstractHandlerMethodMapping$MappingRegistry.register(AbstractHandlerMethodMapping.java:543)] - [INFO] Mapped "{[/platform/flow/getflowMinerRanklist],methods=[POST]}" onto public com.imooc.utils.ResultMap com.imooc.controller.AllDataController.getflowMinerRanklist(com.imooc.pojo.Form.NfcFlowMinerQueryForm)
2022-11-29 16:24:17,080 [main] [org.springframework.web.servlet.handler.AbstractHandlerMethodMapping$MappingRegistry.register(AbstractHandlerMethodMapping.java:543)] - [INFO] Mapped "{[/platform/getBwPlgeRange],methods=[POST || GET]}" onto public com.imooc.utils.ResultMap com.imooc.controller.AllDataController.getBwPlgeRange() throws java.io.IOException
2022-11-29 16:24:17,083 [main] [org.springframework.web.servlet.handler.AbstractHandlerMethodMapping$MappingRegistry.register(AbstractHandlerMethodMapping.java:543)] - [INFO] Mapped "{[/platform/getDatas],methods=[POST || GET]}" onto public com.imooc.utils.ResultMap com.imooc.controller.AllDataController.getDatas() throws java.io.IOException
2022-11-29 16:24:17,092 [main] [org.springframework.web.servlet.handler.AbstractHandlerMethodMapping$MappingRegistry.register(AbstractHandlerMethodMapping.java:543)] - [INFO] Mapped "{[/platform/getBlockNumber],methods=[POST]}" onto public com.imooc.utils.ResultMap com.imooc.controller.AllDataController.getBlockNumber()
2022-11-29 16:24:17,093 [main] [org.springframework.web.servlet.handler.AbstractHandlerMethodMapping$MappingRegistry.register(AbstractHandlerMethodMapping.java:543)] - [INFO] Mapped "{[/platform/getBlockList],methods=[POST]}" onto public com.imooc.utils.ResultMap<com.baomidou.mybatisplus.extension.plugins.pagination.Page<com.imooc.pojo.vo.BlocksVo>> com.imooc.controller.AllDataController.getBlockList(com.imooc.pojo.Form.BlockQueryForm)
2022-11-29 16:24:17,094 [main] [org.springframework.web.servlet.handler.AbstractHandlerMethodMapping$MappingRegistry.register(AbstractHandlerMethodMapping.java:543)] - [INFO] Mapped "{[/platform/transactionList],methods=[POST]}" onto public com.imooc.utils.ResultMap com.imooc.controller.AllDataController.transactionList(com.imooc.pojo.Form.QueryForm)
2022-11-29 16:24:17,095 [main] [org.springframework.web.servlet.handler.AbstractHandlerMethodMapping$MappingRegistry.register(AbstractHandlerMethodMapping.java:543)] - [INFO] Mapped "{[/platform/getNfcExchgList],methods=[POST]}" onto public com.imooc.utils.ResultMap com.imooc.controller.AllDataController.getNfcExchgList(com.imooc.pojo.Form.QueryForm)
2022-11-29 16:24:17,097 [main] [org.springframework.web.servlet.handler.AbstractHandlerMethodMapping$MappingRegistry.register(AbstractHandlerMethodMapping.java:543)] - [INFO] Mapped "{[/platform/statisLock],methods=[POST]}" onto public com.imooc.utils.ResultMap com.imooc.controller.AllDataController.statisLock(com.imooc.pojo.Form.QueryForm)
2022-11-29 16:24:17,098 [main] [org.springframework.web.servlet.handler.AbstractHandlerMethodMapping$MappingRegistry.register(AbstractHandlerMethodMapping.java:543)] - [INFO] Mapped "{[/platform/getAddressList],methods=[POST]}" onto public com.imooc.utils.ResultMap<com.baomidou.mybatisplus.extension.plugins.pagination.Page<com.imooc.pojo.vo.AddressVo>> com.imooc.controller.AllDataController.getAddressList(com.imooc.pojo.Form.BlockQueryForm)
2022-11-29 16:24:17,098 [main] [org.springframework.web.servlet.handler.AbstractHandlerMethodMapping$MappingRegistry.register(AbstractHandlerMethodMapping.java:543)] - [INFO] Mapped "{[/platform/searchByParam],methods=[POST]}" onto public com.imooc.utils.ResultMap com.imooc.controller.AllDataController.getTransactions(com.imooc.pojo.Form.TransactionQueryForm)
2022-11-29 16:24:17,100 [main] [org.springframework.web.servlet.handler.AbstractHandlerMethodMapping$MappingRegistry.register(AbstractHandlerMethodMapping.java:543)] - [INFO] Mapped "{[/platform/getDataForNfc],methods=[POST]}" onto public com.imooc.utils.ResultMap com.imooc.controller.AllDataController.getDataForNfc() throws java.lang.Exception
2022-11-29 16:24:17,102 [main] [org.springframework.web.servlet.handler.AbstractHandlerMethodMapping$MappingRegistry.register(AbstractHandlerMethodMapping.java:543)] - [INFO] Mapped "{[/platform/getAllParamters],methods=[POST]}" onto public com.imooc.utils.ResultMap com.imooc.controller.AllDataController.getAllParamters(long,java.lang.String) throws java.lang.Exception
2022-11-29 16:24:17,103 [main] [org.springframework.web.servlet.handler.AbstractHandlerMethodMapping$MappingRegistry.register(AbstractHandlerMethodMapping.java:543)] - [INFO] Mapped "{[/platform/getNewAddress],methods=[POST]}" onto public com.imooc.utils.ResultMap com.imooc.controller.AllDataController.getNewAddress() throws java.lang.Exception
2022-11-29 16:24:17,104 [main] [org.springframework.web.servlet.handler.AbstractHandlerMethodMapping$MappingRegistry.register(AbstractHandlerMethodMapping.java:543)] - [INFO] Mapped "{[/platform/getDposVoterInfo],methods=[POST]}" onto public com.imooc.utils.ResultMap<com.baomidou.mybatisplus.extension.plugins.pagination.Page<com.imooc.pojo.DposVotes>> com.imooc.controller.AllDataController.getDposVoterInfo(com.imooc.pojo.Form.BlockQueryForm) throws java.io.IOException
2022-11-29 16:24:17,105 [main] [org.springframework.web.servlet.handler.AbstractHandlerMethodMapping$MappingRegistry.register(AbstractHandlerMethodMapping.java:543)] - [INFO] Mapped "{[/platform/getDposNodeInfo],methods=[POST]}" onto public com.imooc.utils.ResultMap<com.baomidou.mybatisplus.extension.plugins.pagination.Page<com.imooc.pojo.DposNode>> com.imooc.controller.AllDataController.getDposNodeInfo(com.imooc.pojo.Form.BlockQueryForm) throws java.io.IOException
2022-11-29 16:24:17,106 [main] [org.springframework.web.servlet.handler.AbstractHandlerMethodMapping$MappingRegistry.register(AbstractHandlerMethodMapping.java:543)] - [INFO] Mapped "{[/platform/getVoterListInfo],methods=[POST]}" onto public com.imooc.utils.ResultMap<com.baomidou.mybatisplus.extension.plugins.pagination.Page<com.imooc.pojo.vo.DposVoterVo>> com.imooc.controller.AllDataController.getVoterListInfo(com.imooc.pojo.Form.BlockQueryForm) throws java.lang.Exception
2022-11-29 16:24:17,107 [main] [org.springframework.web.servlet.handler.AbstractHandlerMethodMapping$MappingRegistry.register(AbstractHandlerMethodMapping.java:543)] - [INFO] Mapped "{[/platform/getOverData],methods=[POST]}" onto public com.imooc.utils.ResultMap<com.baomidou.mybatisplus.extension.plugins.pagination.Page<com.imooc.pojo.TransferMiner>> com.imooc.controller.AllDataController.getOverData(com.imooc.pojo.Form.BlockQueryForm) throws java.lang.Exception
2022-11-29 16:24:17,108 [main] [org.springframework.web.servlet.handler.AbstractHandlerMethodMapping$MappingRegistry.register(AbstractHandlerMethodMapping.java:543)] - [INFO] Mapped "{[/platform/getPledgeExit],methods=[POST]}" onto public com.imooc.utils.ResultMap com.imooc.controller.AllDataController.getPledgeExit() throws java.lang.Exception
2022-11-29 16:24:17,108 [main] [org.springframework.web.servlet.handler.AbstractHandlerMethodMapping$MappingRegistry.register(AbstractHandlerMethodMapping.java:543)] - [INFO] Mapped "{[/platform/nfc/getPunished],methods=[POST]}" onto public com.imooc.utils.ResultMap<com.baomidou.mybatisplus.extension.plugins.pagination.Page<com.imooc.pojo.Punished>> com.imooc.controller.AllDataController.getPunishedInfo(com.imooc.pojo.Form.BlockQueryForm) throws java.io.IOException
2022-11-29 16:24:17,109 [main] [org.springframework.web.servlet.handler.AbstractHandlerMethodMapping$MappingRegistry.register(AbstractHandlerMethodMapping.java:543)] - [INFO] Mapped "{[/platform/getTokensInfo],methods=[POST]}" onto public com.imooc.utils.ResultMap<com.baomidou.mybatisplus.extension.plugins.pagination.Page<com.imooc.pojo.Tokens>> com.imooc.controller.AllDataController.getTokenList(com.imooc.pojo.Form.BlockQueryForm) throws java.io.IOException
2022-11-29 16:24:17,110 [main] [org.springframework.web.servlet.handler.AbstractHandlerMethodMapping$MappingRegistry.register(AbstractHandlerMethodMapping.java:543)] - [INFO] Mapped "{[/platform/getAddressInfoList],methods=[POST]}" onto public com.imooc.utils.ResultMap<com.baomidou.mybatisplus.extension.plugins.pagination.Page<com.imooc.pojo.Addresses>> com.imooc.controller.AllDataController.getAddressesList(com.imooc.pojo.Form.BlockQueryForm) throws java.io.IOException
2022-11-29 16:24:17,111 [main] [org.springframework.web.servlet.handler.AbstractHandlerMethodMapping$MappingRegistry.register(AbstractHandlerMethodMapping.java:543)] - [INFO] Mapped "{[/platform/getTokensDescription],methods=[POST]}" onto public com.imooc.utils.ResultMap<com.imooc.pojo.Tokens> com.imooc.controller.AllDataController.getContractMap(com.imooc.pojo.Form.BlockQueryForm) throws java.io.IOException
2022-11-29 16:24:17,112 [main] [org.springframework.web.servlet.handler.AbstractHandlerMethodMapping$MappingRegistry.register(AbstractHandlerMethodMapping.java:543)] - [INFO] Mapped "{[/platform/getNodeExitForRn],methods=[POST]}" onto public com.imooc.utils.ResultMap<com.imooc.pojo.NodeExit> com.imooc.controller.AllDataController.getNodeExit(com.imooc.pojo.Form.BlockQueryForm) throws java.io.IOException
2022-11-29 16:24:17,113 [main] [org.springframework.web.servlet.handler.AbstractHandlerMethodMapping$MappingRegistry.register(AbstractHandlerMethodMapping.java:543)] - [INFO] Mapped "{[/platform/node/getcadnodelist],methods=[POST]}" onto public com.imooc.utils.ResultMap<com.baomidou.mybatisplus.extension.plugins.pagination.Page<com.imooc.pojo.NfcNodeMiner>> com.imooc.controller.AllDataController.getcadnodelist(com.imooc.pojo.Form.NfcNodeMinerQueryForm)
2022-11-29 16:24:17,114 [main] [org.springframework.web.servlet.handler.AbstractHandlerMethodMapping$MappingRegistry.register(AbstractHandlerMethodMapping.java:543)] - [INFO] Mapped "{[/platform/node/getcadnode],methods=[POST]}" onto public com.imooc.utils.ResultMap com.imooc.controller.AllDataController.getcadnode(com.imooc.pojo.Form.NfcNodeMinerQueryForm) throws java.lang.Exception
2022-11-29 16:24:17,115 [main] [org.springframework.web.servlet.handler.AbstractHandlerMethodMapping$MappingRegistry.register(AbstractHandlerMethodMapping.java:543)] - [INFO] Mapped "{[/platform/node/getcadnodeByRev],methods=[POST]}" onto public com.imooc.utils.ResultMap com.imooc.controller.AllDataController.getcadnodeByRev(com.imooc.pojo.Form.NfcNodeMinerQueryForm) throws java.lang.Exception
2022-11-29 16:24:17,116 [main] [org.springframework.web.servlet.handler.AbstractHandlerMethodMapping$MappingRegistry.register(AbstractHandlerMethodMapping.java:543)] - [INFO] Mapped "{[/platform/flow/getflowMinerlist],methods=[POST]}" onto public com.imooc.utils.ResultMap com.imooc.controller.AllDataController.getflowMinerlist(com.imooc.pojo.Form.NfcFlowMinerQueryForm)
2022-11-29 16:24:17,117 [main] [org.springframework.web.servlet.handler.AbstractHandlerMethodMapping$MappingRegistry.register(AbstractHandlerMethodMapping.java:543)] - [INFO] Mapped "{[/platform/flow/pageNfcCltList],methods=[POST]}" onto public com.imooc.utils.ResultMap com.imooc.controller.AllDataController.pageNfcCltList(com.imooc.pojo.Form.NfcFlowMinerQueryForm)
2022-11-29 16:24:17,122 [main] [org.springframework.web.servlet.handler.AbstractHandlerMethodMapping$MappingRegistry.register(AbstractHandlerMethodMapping.java:543)] - [INFO] Mapped "{[/platform/flow/nfcCltDetail],methods=[POST]}" onto public com.imooc.utils.ResultMap com.imooc.controller.AllDataController.nfcCltDetail(com.imooc.pojo.Form.NfcFlowMinerQueryForm)
2022-11-29 16:24:17,123 [main] [org.springframework.web.servlet.handler.AbstractHandlerMethodMapping$MappingRegistry.register(AbstractHandlerMethodMapping.java:543)] - [INFO] Mapped "{[/platform/my/outLine],methods=[POST]}" onto public com.imooc.utils.ResultMap com.imooc.controller.AllDataController.outLine(com.imooc.pojo.Form.NfcFlowMinerQueryForm)
2022-11-29 16:24:17,124 [main] [org.springframework.web.servlet.handler.AbstractHandlerMethodMapping$MappingRegistry.register(AbstractHandlerMethodMapping.java:543)] - [INFO] Mapped "{[/platform/ful/getExchRate],methods=[POST]}" onto public com.imooc.utils.ResultMap com.imooc.controller.AllDataController.getExchRate(com.imooc.pojo.Form.BlockQueryForm)
2022-11-29 16:24:17,124 [main] [org.springframework.web.servlet.handler.AbstractHandlerMethodMapping$MappingRegistry.register(AbstractHandlerMethodMapping.java:543)] - [INFO] Mapped "{[/platform/getTxRecord],methods=[POST]}" onto public com.imooc.utils.ResultMap com.imooc.controller.AllDataController.getTxRecord(com.imooc.pojo.Form.BlockQueryForm)
2022-11-29 16:24:17,124 [main] [org.springframework.web.servlet.handler.AbstractHandlerMethodMapping$MappingRegistry.register(AbstractHandlerMethodMapping.java:543)] - [INFO] Mapped "{[/platform/my/getminerlist],methods=[POST]}" onto public com.imooc.utils.ResultMap com.imooc.controller.AllDataController.getminerlist(com.imooc.pojo.Form.NfcFlowMinerQueryForm)
2022-11-29 16:24:17,125 [main] [org.springframework.web.servlet.handler.AbstractHandlerMethodMapping$MappingRegistry.register(AbstractHandlerMethodMapping.java:543)] - [INFO] Mapped "{[/platform/my/getminerdetail],methods=[POST]}" onto public com.imooc.utils.ResultMap com.imooc.controller.AllDataController.getminerdetail(com.imooc.pojo.Form.NfcFlowMinerQueryForm)
2022-11-29 16:24:17,125 [main] [org.springframework.web.servlet.handler.AbstractHandlerMethodMapping$MappingRegistry.register(AbstractHandlerMethodMapping.java:543)] - [INFO] Mapped "{[/platform/bandWidthToNfc],methods=[POST]}" onto public com.imooc.utils.ResultMap com.imooc.controller.AllDataController.bandWidthToNfc(net.sf.json.JSONObject)
2022-11-29 16:24:17,126 [main] [org.springframework.web.servlet.handler.AbstractHandlerMethodMapping$MappingRegistry.register(AbstractHandlerMethodMapping.java:543)] - [INFO] Mapped "{[/platform/getArea],methods=[POST]}" onto public com.imooc.utils.ResultMap com.imooc.controller.AllDataController.getArea()
2022-11-29 16:24:17,127 [main] [org.springframework.web.servlet.handler.AbstractHandlerMethodMapping$MappingRegistry.register(AbstractHandlerMethodMapping.java:543)] - [INFO] Mapped "{[/platform/getNfcNetStatics],methods=[POST]}" onto public com.imooc.utils.ResultMap com.imooc.controller.AllDataController.getNfcNetStatics(com.imooc.pojo.Form.NfcNetStaticsForm)
2022-11-29 16:24:17,128 [main] [org.springframework.web.servlet.handler.AbstractHandlerMethodMapping$MappingRegistry.register(AbstractHandlerMethodMapping.java:543)] - [INFO] Mapped "{[/platform/flow/pageNfcCltDetailList],methods=[POST]}" onto public com.imooc.utils.ResultMap com.imooc.controller.AllDataController.pageNfcCltDetailList(com.imooc.pojo.Form.NfcFlowMinerQueryForm)
2022-11-29 16:24:17,129 [main] [org.springframework.web.servlet.handler.AbstractHandlerMethodMapping$MappingRegistry.register(AbstractHandlerMethodMapping.java:543)] - [INFO] Mapped "{[/platform/flow/getMinerDayStatislist],methods=[POST]}" onto public com.imooc.utils.ResultMap com.imooc.controller.AllDataController.getMinerDayStatislist(com.imooc.pojo.Form.NfcFlowMinerQueryForm)
2022-11-29 16:24:17,130 [main] [org.springframework.web.servlet.handler.AbstractHandlerMethodMapping$MappingRegistry.register(AbstractHandlerMethodMapping.java:543)] - [INFO] Mapped "{[/platform/getOperatorConfig],methods=[POST]}" onto public com.imooc.utils.ResultMap com.imooc.controller.AllDataController.getOperatorConfig()
2022-11-29 16:24:17,130 [main] [org.springframework.web.servlet.handler.AbstractHandlerMethodMapping$MappingRegistry.register(AbstractHandlerMethodMapping.java:543)] - [INFO] Mapped "{[/platform/getNetServiceRank],methods=[POST]}" onto public com.imooc.utils.ResultMap com.imooc.controller.AllDataController.getNetServiceRank(com.imooc.pojo.Form.NfcFlowMinerQueryForm)
2022-11-29 16:24:17,131 [main] [org.springframework.web.servlet.handler.AbstractHandlerMethodMapping$MappingRegistry.register(AbstractHandlerMethodMapping.java:543)] - [INFO] Mapped "{[/platform/getFlowReportList],methods=[POST]}" onto public com.imooc.utils.ResultMap com.imooc.controller.AllDataController.getFlowReportList(com.imooc.pojo.Form.NfcFlowMinerQueryForm)
2022-11-29 16:24:17,133 [main] [org.springframework.web.servlet.handler.AbstractHandlerMethodMapping$MappingRegistry.register(AbstractHandlerMethodMapping.java:543)] - [INFO] Mapped "{[/api/getTransactionByTxHash],methods=[POST]}" onto public com.imooc.utils.ResultMap com.imooc.controller.ApiController.getTransactionByTxHash(com.imooc.pojo.Form.TransactionQueryForm) throws java.lang.Exception
2022-11-29 16:24:17,134 [main] [org.springframework.web.servlet.handler.AbstractHandlerMethodMapping$MappingRegistry.register(AbstractHandlerMethodMapping.java:543)] - [INFO] Mapped "{[/api/getflowMinerlist],methods=[POST]}" onto public com.imooc.utils.ResultMap com.imooc.controller.ApiController.getflowMinerlist(com.imooc.pojo.Form.NfcFlowMinerQueryForm) throws java.lang.Exception
2022-11-29 16:24:17,136 [main] [org.springframework.web.servlet.handler.AbstractHandlerMethodMapping$MappingRegistry.register(AbstractHandlerMethodMapping.java:543)] - [INFO] Mapped "{[/api/getExchRecord],methods=[POST]}" onto public com.imooc.utils.ResultMap com.imooc.controller.ApiController.getExchRecord(com.imooc.pojo.Form.TxQueryForm) throws java.lang.Exception
2022-11-29 16:24:17,139 [main] [org.springframework.web.servlet.handler.AbstractHandlerMethodMapping$MappingRegistry.register(AbstractHandlerMethodMapping.java:543)] - [INFO] Mapped "{[/api/netBandWidth],methods=[POST]}" onto public com.imooc.utils.ResultMap com.imooc.controller.ApiController.netBandWidth(com.imooc.pojo.Form.NfcFlowMinerQueryForm) throws java.lang.Exception
2022-11-29 16:24:17,139 [main] [org.springframework.web.servlet.handler.AbstractHandlerMethodMapping$MappingRegistry.register(AbstractHandlerMethodMapping.java:543)] - [INFO] Mapped "{[/api/getMinerDayStatislist],methods=[POST]}" onto public com.imooc.utils.ResultMap com.imooc.controller.ApiController.getMinerDayStatislist(com.imooc.pojo.Form.NfcFlowMinerQueryForm) throws java.lang.Exception
2022-11-29 16:24:17,140 [main] [org.springframework.web.servlet.handler.AbstractHandlerMethodMapping$MappingRegistry.register(AbstractHandlerMethodMapping.java:543)] - [INFO] Mapped "{[/api/getAddressVoByAddress],methods=[POST]}" onto public com.imooc.utils.ResultMap com.imooc.controller.ApiController.getAddressVoByAddress(com.imooc.pojo.vo.AddressVo) throws java.lang.Exception
2022-11-29 16:24:17,140 [main] [org.springframework.web.servlet.handler.AbstractHandlerMethodMapping$MappingRegistry.register(AbstractHandlerMethodMapping.java:543)] - [INFO] Mapped "{[/api/getMinnnerPledgeStatus],methods=[POST]}" onto public com.imooc.utils.ResultMap com.imooc.controller.ApiController.getMinnnerPledgeStatus(com.imooc.pojo.Form.NfcFlowMinerQueryForm) throws java.lang.Exception
2022-11-29 16:24:17,141 [main] [org.springframework.web.servlet.handler.AbstractHandlerMethodMapping$MappingRegistry.register(AbstractHandlerMethodMapping.java:543)] - [INFO] Mapped "{[/block/getBlockReward],methods=[POST]}" onto public com.imooc.utils.ResultMap com.imooc.controller.BlockController.getTxListByBlock(long) throws java.lang.Exception
2022-11-29 16:24:17,142 [main] [org.springframework.web.servlet.handler.AbstractHandlerMethodMapping$MappingRegistry.register(AbstractHandlerMethodMapping.java:543)] - [INFO] Mapped "{[/block/getBlockByTimeStamp],methods=[POST]}" onto public com.imooc.utils.ResultMap com.imooc.controller.BlockController.getBlockByTimeStamp(long,java.lang.String) throws java.lang.Exception
2022-11-29 16:24:17,151 [main] [org.springframework.web.servlet.handler.AbstractHandlerMethodMapping$MappingRegistry.register(AbstractHandlerMethodMapping.java:543)] - [INFO] Mapped "{[/proxy/eth_getCode],methods=[POST]}" onto public com.imooc.utils.ResultMap com.imooc.controller.ChainProxyController.getCode(java.lang.String) throws java.lang.Exception
2022-11-29 16:24:17,154 [main] [org.springframework.web.servlet.handler.AbstractHandlerMethodMapping$MappingRegistry.register(AbstractHandlerMethodMapping.java:543)] - [INFO] Mapped "{[/proxy/eth_blocNumber],methods=[POST]}" onto public com.imooc.utils.ResultMap com.imooc.controller.ChainProxyController.getLeatestBlockNumber() throws java.lang.Exception
2022-11-29 16:24:17,155 [main] [org.springframework.web.servlet.handler.AbstractHandlerMethodMapping$MappingRegistry.register(AbstractHandlerMethodMapping.java:543)] - [INFO] Mapped "{[/proxy/eth_getUncleByBlockNumber],methods=[POST]}" onto public com.imooc.utils.ResultMap com.imooc.controller.ChainProxyController.getBlockByNumber(java.lang.Long,java.lang.Long) throws java.lang.Exception
2022-11-29 16:24:17,155 [main] [org.springframework.web.servlet.handler.AbstractHandlerMethodMapping$MappingRegistry.register(AbstractHandlerMethodMapping.java:543)] - [INFO] Mapped "{[/proxy/eth_getBlockByNumber],methods=[POST]}" onto public com.imooc.utils.ResultMap com.imooc.controller.ChainProxyController.getBlockByNumber(java.lang.Long) throws java.lang.Exception
2022-11-29 16:24:17,155 [main] [org.springframework.web.servlet.handler.AbstractHandlerMethodMapping$MappingRegistry.register(AbstractHandlerMethodMapping.java:543)] - [INFO] Mapped "{[/proxy/eth_call],methods=[POST]}" onto public com.imooc.utils.ResultMap com.imooc.controller.ChainProxyController.ethCall(java.lang.String,java.lang.String,java.math.BigInteger) throws java.lang.Exception
2022-11-29 16:24:17,156 [main] [org.springframework.web.servlet.handler.AbstractHandlerMethodMapping$MappingRegistry.register(AbstractHandlerMethodMapping.java:543)] - [INFO] Mapped "{[/proxy/eth_getStorageAt],methods=[POST]}" onto public com.imooc.utils.ResultMap com.imooc.controller.ChainProxyController.getStorageAt(java.lang.String,java.math.BigInteger) throws java.lang.Exception
2022-11-29 16:24:17,156 [main] [org.springframework.web.servlet.handler.AbstractHandlerMethodMapping$MappingRegistry.register(AbstractHandlerMethodMapping.java:543)] - [INFO] Mapped "{[/proxy/eth_gasPrice],methods=[POST]}" onto public com.imooc.utils.ResultMap com.imooc.controller.ChainProxyController.getGasPrice() throws java.lang.Exception
2022-11-29 16:24:17,157 [main] [org.springframework.web.servlet.handler.AbstractHandlerMethodMapping$MappingRegistry.register(AbstractHandlerMethodMapping.java:543)] - [INFO] Mapped "{[/proxy/eth_estimateGas],methods=[POST]}" onto public com.imooc.utils.ResultMap com.imooc.controller.ChainProxyController.estimateGas(java.lang.String,java.lang.String,java.math.BigInteger) throws java.lang.Exception
2022-11-29 16:24:17,157 [main] [org.springframework.web.servlet.handler.AbstractHandlerMethodMapping$MappingRegistry.register(AbstractHandlerMethodMapping.java:543)] - [INFO] Mapped "{[/proxy/eth_getBalance],methods=[POST]}" onto public com.imooc.utils.ResultMap com.imooc.controller.ChainProxyController.getBalance(java.lang.String) throws java.lang.Exception
2022-11-29 16:24:17,157 [main] [org.springframework.web.servlet.handler.AbstractHandlerMethodMapping$MappingRegistry.register(AbstractHandlerMethodMapping.java:543)] - [INFO] Mapped "{[/proxy/getLockParam],methods=[POST]}" onto public com.imooc.utils.ResultMap com.imooc.controller.ChainProxyController.getLockParam() throws java.io.IOException
2022-11-29 16:24:17,159 [main] [org.springframework.web.servlet.handler.AbstractHandlerMethodMapping$MappingRegistry.register(AbstractHandlerMethodMapping.java:543)] - [INFO] Mapped "{[/proxy/eth_getMinerParam],methods=[POST]}" onto public com.imooc.utils.ResultMap com.imooc.controller.ChainProxyController.getMinerParam() throws java.io.IOException
2022-11-29 16:24:17,170 [main] [org.springframework.web.servlet.handler.AbstractHandlerMethodMapping$MappingRegistry.register(AbstractHandlerMethodMapping.java:543)] - [INFO] Mapped "{[/proxy/eth_getTransactionByBlockNumberAndIndex],methods=[POST]}" onto public com.imooc.utils.ResultMap com.imooc.controller.ChainProxyController.getTransactionByBlockNumberAndIndex(java.lang.Long,java.lang.Long) throws java.lang.Exception
2022-11-29 16:24:17,171 [main] [org.springframework.web.servlet.handler.AbstractHandlerMethodMapping$MappingRegistry.register(AbstractHandlerMethodMapping.java:543)] - [INFO] Mapped "{[/proxy/eth_getTransactionByHash],methods=[POST]}" onto public com.imooc.utils.ResultMap com.imooc.controller.ChainProxyController.getBlockTransactionCountByNumber(java.lang.String) throws java.lang.Exception
2022-11-29 16:24:17,171 [main] [org.springframework.web.servlet.handler.AbstractHandlerMethodMapping$MappingRegistry.register(AbstractHandlerMethodMapping.java:543)] - [INFO] Mapped "{[/proxy/eth_getBlockTransactionCountByNumber],methods=[POST]}" onto public com.imooc.utils.ResultMap com.imooc.controller.ChainProxyController.getBlockTransactionCountByNumber(java.lang.Long) throws java.lang.Exception
2022-11-29 16:24:17,172 [main] [org.springframework.web.servlet.handler.AbstractHandlerMethodMapping$MappingRegistry.register(AbstractHandlerMethodMapping.java:543)] - [INFO] Mapped "{[/proxy/eth_getTransactionCount],methods=[POST]}" onto public com.imooc.utils.ResultMap com.imooc.controller.ChainProxyController.getTransactionCount(java.lang.String) throws java.lang.Exception
2022-11-29 16:24:17,172 [main] [org.springframework.web.servlet.handler.AbstractHandlerMethodMapping$MappingRegistry.register(AbstractHandlerMethodMapping.java:543)] - [INFO] Mapped "{[/proxy/eth_sendRawTransaction],methods=[POST]}" onto public com.imooc.utils.ResultMap com.imooc.controller.ChainProxyController.sendRawTransaction(java.lang.String) throws java.lang.Exception
2022-11-29 16:24:17,172 [main] [org.springframework.web.servlet.handler.AbstractHandlerMethodMapping$MappingRegistry.register(AbstractHandlerMethodMapping.java:543)] - [INFO] Mapped "{[/proxy/eth_getTransactionReceipt],methods=[POST]}" onto public com.imooc.utils.ResultMap com.imooc.controller.ChainProxyController.getTransactionReceipt(java.lang.String) throws java.lang.Exception
2022-11-29 16:24:17,175 [main] [org.springframework.web.servlet.handler.AbstractHandlerMethodMapping$MappingRegistry.register(AbstractHandlerMethodMapping.java:543)] - [INFO] Mapped "{[/platform/getContractInfo]}" onto public com.imooc.utils.ResultMap<com.imooc.pojo.Contract> com.imooc.controller.ContractController.getContractInfo(java.lang.String)
2022-11-29 16:24:17,177 [main] [org.springframework.web.servlet.handler.AbstractHandlerMethodMapping$MappingRegistry.register(AbstractHandlerMethodMapping.java:543)] - [INFO] Mapped "{[/platform/getContractList],methods=[POST]}" onto public com.imooc.utils.ResultMap<com.baomidou.mybatisplus.extension.plugins.pagination.Page<com.imooc.pojo.Contract>> com.imooc.controller.ContractController.getContractList(com.imooc.pojo.Form.BlockQueryForm)
2022-11-29 16:24:17,190 [main] [org.springframework.web.servlet.handler.AbstractHandlerMethodMapping$MappingRegistry.register(AbstractHandlerMethodMapping.java:543)] - [INFO] Mapped "{[/platform/getContractVersions]}" onto public com.imooc.utils.ResultMap<java.util.List<com.imooc.pojo.ContractVersion>> com.imooc.controller.ContractController.getContractVersions()
2022-11-29 16:24:17,191 [main] [org.springframework.web.servlet.handler.AbstractHandlerMethodMapping$MappingRegistry.register(AbstractHandlerMethodMapping.java:543)] - [INFO] Mapped "{[/platform/getContractSources],methods=[POST]}" onto public com.imooc.utils.ResultMap<java.util.List<com.imooc.pojo.ContractSource>> com.imooc.controller.ContractController.getContractSources(java.lang.String)
2022-11-29 16:24:17,191 [main] [org.springframework.web.servlet.handler.AbstractHandlerMethodMapping$MappingRegistry.register(AbstractHandlerMethodMapping.java:543)] - [INFO] Mapped "{[/platform/verifyContractSources],methods=[POST]}" onto public com.imooc.utils.ResultMap<?> com.imooc.controller.ContractController.verifyContractSources(java.lang.String,java.lang.String,java.lang.String,org.springframework.web.multipart.MultipartFile[])
2022-11-29 16:24:17,192 [main] [org.springframework.web.servlet.handler.AbstractHandlerMethodMapping$MappingRegistry.register(AbstractHandlerMethodMapping.java:543)] - [INFO] Mapped "{[/platform/getLockupContracts]}" onto public com.imooc.utils.ResultMap<?> com.imooc.controller.ContractController.getLockupContracts(java.lang.String)
2022-11-29 16:24:17,192 [main] [org.springframework.web.servlet.handler.AbstractHandlerMethodMapping$MappingRegistry.register(AbstractHandlerMethodMapping.java:543)] - [INFO] Mapped "{[/platform/getContractLockupList],methods=[POST]}" onto public com.imooc.utils.ResultMap<com.baomidou.mybatisplus.extension.plugins.pagination.Page<com.imooc.pojo.ContractLockup>> com.imooc.controller.ContractController.getContractLockupList(com.imooc.pojo.Form.BlockQueryForm)
2022-11-29 16:24:17,194 [main] [org.springframework.web.servlet.handler.AbstractHandlerMethodMapping$MappingRegistry.register(AbstractHandlerMethodMapping.java:543)] - [INFO] Mapped "{[/log/getLogs],methods=[POST]}" onto public com.imooc.utils.ResultMap com.imooc.controller.LogController.checkContractStatus(com.imooc.pojo.Form.LogQueryForm) throws java.lang.Exception
2022-11-29 16:24:17,198 [main] [org.springframework.web.servlet.handler.AbstractHandlerMethodMapping$MappingRegistry.register(AbstractHandlerMethodMapping.java:543)] - [INFO] Mapped "{[/faucet/getFaucetByAddress],methods=[POST]}" onto public com.imooc.utils.ResultMap com.imooc.controller.NfcFaucetController.getFaucetByAddress(java.lang.String) throws java.lang.Exception
2022-11-29 16:24:17,199 [main] [org.springframework.web.servlet.handler.AbstractHandlerMethodMapping$MappingRegistry.register(AbstractHandlerMethodMapping.java:543)] - [INFO] Mapped "{[/faucet/sendCoinToAddress],methods=[POST]}" onto public com.imooc.utils.ResultMap com.imooc.controller.NfcFaucetController.sendCoinToAddress(java.lang.String) throws java.lang.Exception
2022-11-29 16:24:17,199 [main] [org.springframework.web.servlet.handler.AbstractHandlerMethodMapping$MappingRegistry.register(AbstractHandlerMethodMapping.java:543)] - [INFO] Mapped "{[/token/getTokenBalance],methods=[POST]}" onto public com.imooc.utils.ResultMap com.imooc.controller.TokenController.getLeatestBlockNumber(java.lang.String,java.lang.String) throws java.lang.Exception
2022-11-29 16:24:17,200 [main] [org.springframework.web.servlet.handler.AbstractHandlerMethodMapping$MappingRegistry.register(AbstractHandlerMethodMapping.java:543)] - [INFO] Mapped "{[/token/getTokenSupply],methods=[POST]}" onto public com.imooc.utils.ResultMap com.imooc.controller.TokenController.getTokenSupply(java.lang.String) throws java.lang.Exception
2022-11-29 16:24:17,201 [main] [org.springframework.web.servlet.handler.AbstractHandlerMethodMapping$MappingRegistry.register(AbstractHandlerMethodMapping.java:543)] - [INFO] Mapped "{[/transaction/checkStatus],methods=[POST]}" onto public com.imooc.utils.ResultMap com.imooc.controller.TransactionController.checkContractStatus(java.lang.String) throws java.lang.Exception
2022-11-29 16:24:17,201 [main] [org.springframework.web.servlet.handler.AbstractHandlerMethodMapping$MappingRegistry.register(AbstractHandlerMethodMapping.java:543)] - [INFO] Mapped "{[/transaction/checkTransactionStatus],methods=[POST]}" onto public com.imooc.utils.ResultMap com.imooc.controller.TransactionController.checkTransactionStatus(java.lang.String) throws java.lang.Exception
2022-11-29 16:24:17,203 [main] [org.springframework.web.servlet.handler.AbstractHandlerMethodMapping$MappingRegistry.register(AbstractHandlerMethodMapping.java:543)] - [INFO] Mapped "{[/v2/api-docs],methods=[GET],produces=[application/json || application/hal+json]}" onto public org.springframework.http.ResponseEntity<springfox.documentation.spring.web.json.Json> springfox.documentation.swagger2.web.Swagger2Controller.getDocumentation(java.lang.String,javax.servlet.http.HttpServletRequest)
2022-11-29 16:24:17,206 [main] [org.springframework.web.servlet.handler.AbstractHandlerMethodMapping$MappingRegistry.register(AbstractHandlerMethodMapping.java:543)] - [INFO] Mapped "{[/swagger-resources]}" onto org.springframework.http.ResponseEntity<java.util.List<springfox.documentation.swagger.web.SwaggerResource>> springfox.documentation.swagger.web.ApiResourceController.swaggerResources()
2022-11-29 16:24:17,207 [main] [org.springframework.web.servlet.handler.AbstractHandlerMethodMapping$MappingRegistry.register(AbstractHandlerMethodMapping.java:543)] - [INFO] Mapped "{[/configuration/ui]}" onto org.springframework.http.ResponseEntity<springfox.documentation.swagger.web.UiConfiguration> springfox.documentation.swagger.web.ApiResourceController.uiConfiguration()
2022-11-29 16:24:17,208 [main] [org.springframework.web.servlet.handler.AbstractHandlerMethodMapping$MappingRegistry.register(AbstractHandlerMethodMapping.java:543)] - [INFO] Mapped "{[/configuration/security]}" onto org.springframework.http.ResponseEntity<springfox.documentation.swagger.web.SecurityConfiguration> springfox.documentation.swagger.web.ApiResourceController.securityConfiguration()
2022-11-29 16:24:17,213 [main] [org.springframework.web.servlet.handler.AbstractHandlerMethodMapping$MappingRegistry.register(AbstractHandlerMethodMapping.java:543)] - [INFO] Mapped "{[/error]}" onto public org.springframework.http.ResponseEntity<java.util.Map<java.lang.String, java.lang.Object>> org.springframework.boot.autoconfigure.web.BasicErrorController.error(javax.servlet.http.HttpServletRequest)
2022-11-29 16:24:17,213 [main] [org.springframework.web.servlet.handler.AbstractHandlerMethodMapping$MappingRegistry.register(AbstractHandlerMethodMapping.java:543)] - [INFO] Mapped "{[/error],produces=[text/html]}" onto public org.springframework.web.servlet.ModelAndView org.springframework.boot.autoconfigure.web.BasicErrorController.errorHtml(javax.servlet.http.HttpServletRequest,javax.servlet.http.HttpServletResponse)
2022-11-29 16:24:17,850 [main] [org.springframework.web.servlet.mvc.method.annotation.RequestMappingHandlerAdapter.initControllerAdviceCache(RequestMappingHandlerAdapter.java:534)] - [INFO] Looking for @ControllerAdvice: org.springframework.boot.context.embedded.AnnotationConfigEmbeddedWebApplicationContext@614ca7df: startup date [Tue Nov 29 16:24:06 CST 2022]; root of context hierarchy
2022-11-29 16:24:17,967 [main] [org.springframework.web.servlet.handler.AbstractUrlHandlerMapping.registerHandler(AbstractUrlHandlerMapping.java:362)] - [INFO] Mapped URL path [/swagger-ui.html] onto handler of type [class org.springframework.web.servlet.resource.ResourceHttpRequestHandler]
2022-11-29 16:24:17,967 [main] [org.springframework.web.servlet.handler.AbstractUrlHandlerMapping.registerHandler(AbstractUrlHandlerMapping.java:362)] - [INFO] Mapped URL path [/webjars/**] onto handler of type [class org.springframework.web.servlet.resource.ResourceHttpRequestHandler]
2022-11-29 16:24:17,968 [main] [org.springframework.web.servlet.handler.AbstractUrlHandlerMapping.registerHandler(AbstractUrlHandlerMapping.java:362)] - [INFO] Mapped URL path [/**] onto handler of type [class org.springframework.web.servlet.resource.ResourceHttpRequestHandler]
2022-11-29 16:24:18,045 [main] [org.springframework.web.servlet.handler.AbstractUrlHandlerMapping.registerHandler(AbstractUrlHandlerMapping.java:362)] - [INFO] Mapped URL path [/**/favicon.ico] onto handler of type [class org.springframework.web.servlet.resource.ResourceHttpRequestHandler]
2022-11-29 16:24:18,131 [main] [org.springframework.boot.autoconfigure.thymeleaf.AbstractTemplateResolverConfiguration.checkTemplateLocationExists(AbstractTemplateResolverConfiguration.java:60)] - [WARN] Cannot find template location: classpath:/templates/ (please add some templates or check your Thymeleaf configuration)
2022-11-29 16:24:19,983 [main] [org.springframework.jmx.export.MBeanExporter.afterSingletonsInstantiated(MBeanExporter.java:431)] - [INFO] Registering beans for JMX exposure on startup
2022-11-29 16:24:19,987 [main] [org.springframework.jmx.export.MBeanExporter.autodetect(MBeanExporter.java:918)] - [INFO] Bean with name 'dataSource' has been autodetected for JMX exposure
2022-11-29 16:24:19,995 [main] [org.springframework.jmx.export.MBeanExporter.registerBeanInstance(MBeanExporter.java:672)] - [INFO] Located MBean 'dataSource': registering with JMX server as MBean [com.alibaba.druid.pool:name=dataSource,type=DruidDataSource]
2022-11-29 16:24:20,008 [main] [com.imooc.controller.listenser.CollectdStarterApplicationListener.initServices(CollectdStarterApplicationListener.java:32)] - [INFO] -------CollectdStarterApplicationListener-----
2022-11-29 16:24:20,018 [AddressBalanceModifyJob#] [com.imooc.controller.job.AddressBalanceModifyJob.runTask(AddressBalanceModifyJob.java:63)] - [INFO] AddressBalanceModifyJob start ...
2022-11-29 16:24:20,020 [main] [org.springframework.scheduling.annotation.ScheduledAnnotationBeanPostProcessor.finishRegistration(ScheduledAnnotationBeanPostProcessor.java:268)] - [INFO] No TaskScheduler/ScheduledExecutorService bean found for scheduled processing
2022-11-29 16:24:20,030 [main] [springfox.documentation.spring.web.plugins.DocumentationPluginsBootstrapper.onApplicationEvent(DocumentationPluginsBootstrapper.java:84)] - [INFO] Context refreshed
2022-11-29 16:24:20,064 [main] [springfox.documentation.spring.web.plugins.DocumentationPluginsBootstrapper.onApplicationEvent(DocumentationPluginsBootstrapper.java:87)] - [INFO] Found 1 custom documentation plugin(s)
2022-11-29 16:24:20,078 [main] [springfox.documentation.spring.web.scanners.ApiListingReferenceScanner.scan(ApiListingReferenceScanner.java:44)] - [INFO] Scanning for api listing references
2022-11-29 16:24:20,273 [main] [springfox.documentation.spring.web.readers.operation.CachingOperationNameGenerator.startingWith(CachingOperationNameGenerator.java:40)] - [INFO] Generating unique operation named: getTxListByBlockUsingPOST_1
2022-11-29 16:24:21,439 [main] [springfox.documentation.swagger.readers.operation.OperationImplicitParameterReader.maybeGetModelRef(OperationImplicitParameterReader.java:88)] - [WARN] Coercing to be of type string. This may not even be a scalar type in actuality
2022-11-29 16:24:21,912 [main] [springfox.documentation.swagger.readers.operation.OperationImplicitParameterReader.maybeGetModelRef(OperationImplicitParameterReader.java:88)] - [WARN] Coercing to be of type string. This may not even be a scalar type in actuality
2022-11-29 16:24:22,258 [main] [springfox.documentation.swagger.readers.operation.OperationImplicitParameterReader.maybeGetModelRef(OperationImplicitParameterReader.java:88)] - [WARN] Coercing to be of type string. This may not even be a scalar type in actuality
2022-11-29 16:24:22,270 [main] [springfox.documentation.swagger.readers.operation.OperationImplicitParameterReader.maybeGetModelRef(OperationImplicitParameterReader.java:88)] - [WARN] Coercing to be of type string. This may not even be a scalar type in actuality
2022-11-29 16:24:22,297 [main] [springfox.documentation.spring.web.readers.operation.CachingOperationNameGenerator.startingWith(CachingOperationNameGenerator.java:40)] - [INFO] Generating unique operation named: getMinerDayStatislistUsingPOST_1
2022-11-29 16:24:22,301 [main] [springfox.documentation.spring.web.readers.operation.CachingOperationNameGenerator.startingWith(CachingOperationNameGenerator.java:40)] - [INFO] Generating unique operation named: getTransactionByTxHashUsingPOST_1
2022-11-29 16:24:22,304 [main] [springfox.documentation.spring.web.readers.operation.CachingOperationNameGenerator.startingWith(CachingOperationNameGenerator.java:40)] - [INFO] Generating unique operation named: getflowMinerlistUsingPOST_1
2022-11-29 16:24:22,311 [main] [springfox.documentation.spring.web.readers.operation.CachingOperationNameGenerator.startingWith(CachingOperationNameGenerator.java:40)] - [INFO] Generating unique operation named: getTxListByBlockUsingPOST_2
2022-11-29 16:24:22,334 [main] [springfox.documentation.spring.web.readers.operation.CachingOperationNameGenerator.startingWith(CachingOperationNameGenerator.java:40)] - [INFO] Generating unique operation named: getBlockByNumberUsingPOST_1
2022-11-29 16:24:22,341 [main] [springfox.documentation.spring.web.readers.operation.CachingOperationNameGenerator.startingWith(CachingOperationNameGenerator.java:40)] - [INFO] Generating unique operation named: getBlockTransactionCountByNumberUsingPOST_1
2022-11-29 16:24:22,350 [main] [springfox.documentation.spring.web.readers.operation.CachingOperationNameGenerator.startingWith(CachingOperationNameGenerator.java:40)] - [INFO] Generating unique operation named: getLeatestBlockNumberUsingPOST_1
2022-11-29 16:24:22,455 [main] [springfox.documentation.spring.web.readers.operation.CachingOperationNameGenerator.startingWith(CachingOperationNameGenerator.java:40)] - [INFO] Generating unique operation named: getLeatestBlockNumberUsingPOST_2
2022-11-29 16:24:22,458 [main] [springfox.documentation.spring.web.readers.operation.CachingOperationNameGenerator.startingWith(CachingOperationNameGenerator.java:40)] - [INFO] Generating unique operation named: checkContractStatusUsingPOST_1
2022-11-29 16:24:22,534 [main] [org.springframework.boot.context.embedded.tomcat.TomcatEmbeddedServletContainer.start(TomcatEmbeddedServletContainer.java:216)] - [INFO] Tomcat started on port(s): 8091 (http)
2022-11-29 16:24:22,544 [main] [org.springframework.boot.StartupInfoLogger.logStarted(StartupInfoLogger.java:57)] - [INFO] Started Application in 17.088 seconds (JVM running for 17.711)
